[2025-11-04T02:31:00.317+0000] {local_task_job_runner.py:123} INFO - ::group::Pre task execution logs
[2025-11-04T02:31:00.329+0000] {taskinstance.py:2613} INFO - Dependencies all met for dep_context=non-requeueable deps ti=<TaskInstance: 02_monitoring_pipeline.generate_summary manual__2025-11-04T02:30:49.085012+00:00 [queued]>
[2025-11-04T02:31:00.335+0000] {taskinstance.py:2613} INFO - Dependencies all met for dep_context=requeueable deps ti=<TaskInstance: 02_monitoring_pipeline.generate_summary manual__2025-11-04T02:30:49.085012+00:00 [queued]>
[2025-11-04T02:31:00.336+0000] {taskinstance.py:2866} INFO - Starting attempt 1 of 2
[2025-11-04T02:31:00.345+0000] {taskinstance.py:2889} INFO - Executing <Task(PythonOperator): generate_summary> on 2025-11-04 02:30:49.085012+00:00
[2025-11-04T02:31:00.352+0000] {standard_task_runner.py:72} INFO - Started process 4418 to run task
[2025-11-04T02:31:00.355+0000] {standard_task_runner.py:104} INFO - Running: ['***', 'tasks', 'run', '02_monitoring_pipeline', 'generate_summary', 'manual__2025-11-04T02:30:49.085012+00:00', '--job-id', '42', '--raw', '--subdir', 'DAGS_FOLDER/02_monitoring_pipeline.py', '--cfg-path', '/tmp/tmpzv8zy61r']
[2025-11-04T02:31:00.358+0000] {standard_task_runner.py:105} INFO - Job 42: Subtask generate_summary
[2025-11-04T02:31:00.394+0000] {task_command.py:467} INFO - Running <TaskInstance: 02_monitoring_pipeline.generate_summary manual__2025-11-04T02:30:49.085012+00:00 [running]> on host 1008f8fef9d0
[2025-11-04T02:31:00.451+0000] {taskinstance.py:3132} INFO - Exporting env vars: AIRFLOW_CTX_DAG_OWNER='mlops_team' AIRFLOW_CTX_DAG_ID='02_monitoring_pipeline' AIRFLOW_CTX_TASK_ID='generate_summary' AIRFLOW_CTX_EXECUTION_DATE='2025-11-04T02:30:49.085012+00:00' AIRFLOW_CTX_TRY_NUMBER='1' AIRFLOW_CTX_DAG_RUN_ID='manual__2025-11-04T02:30:49.085012+00:00'
[2025-11-04T02:31:00.452+0000] {taskinstance.py:731} INFO - ::endgroup::
[2025-11-04T02:31:00.462+0000] {logging_mixin.py:190} INFO - 
================================================================================
[2025-11-04T02:31:00.463+0000] {logging_mixin.py:190} INFO - 📊 COMPREHENSIVE MONITORING SUMMARY - ALL BATCHES
[2025-11-04T02:31:00.464+0000] {logging_mixin.py:190} INFO - ================================================================================
[2025-11-04T02:31:00.545+0000] {logging_mixin.py:190} INFO - 📈 Batch-by-Batch Performance:
[2025-11-04T02:31:00.547+0000] {logging_mixin.py:190} INFO -    Batch    Accuracy     F1-Score     Stat Drift   Perf Drift   Overall     
[2025-11-04T02:31:00.548+0000] {logging_mixin.py:190} INFO -    ----------------------------------------------------------------------------
[2025-11-04T02:31:00.548+0000] {logging_mixin.py:190} INFO -    Batch 7   0.7429       0.7113       🔴 YES        🔴 YES        🔴 DRIFT     
[2025-11-04T02:31:00.549+0000] {logging_mixin.py:190} INFO -    Batch 8   0.8061       0.6296       🔴 YES        🔴 YES        🔴 DRIFT     
[2025-11-04T02:31:00.549+0000] {logging_mixin.py:190} INFO -    Batch 9   0.6128       0.5403       🔴 YES        🔴 YES        🔴 DRIFT     
[2025-11-04T02:31:00.550+0000] {logging_mixin.py:190} INFO -    Batch 10  0.4292       0.4075       🔴 YES        🔴 YES        🔴 DRIFT     
[2025-11-04T02:31:00.550+0000] {logging_mixin.py:190} INFO - 
📊 Drift Progression Over Time:
[2025-11-04T02:31:00.551+0000] {logging_mixin.py:190} INFO -    Total Batches Monitored:        4
[2025-11-04T02:31:00.551+0000] {logging_mixin.py:190} INFO -    Batches with Drift:             4 (100.0%)
[2025-11-04T02:31:00.551+0000] {logging_mixin.py:190} INFO -    Batches with Statistical Drift: 4
[2025-11-04T02:31:00.552+0000] {logging_mixin.py:190} INFO -    Batches with Performance Drift: 4
[2025-11-04T02:31:00.552+0000] {logging_mixin.py:190} INFO - 
📉 Performance Trends:
[2025-11-04T02:31:00.553+0000] {logging_mixin.py:190} INFO -    Accuracy Range: 0.4292 - 0.8061
[2025-11-04T02:31:00.554+0000] {logging_mixin.py:190} INFO -    Accuracy Std:   0.1665
[2025-11-04T02:31:00.555+0000] {logging_mixin.py:190} INFO -    ⚠️ Degrading trend: Accuracy decreased from Batch 7 to Batch 10
[2025-11-04T02:31:00.555+0000] {logging_mixin.py:190} INFO - 
🎯 FINAL RECOMMENDATIONS:
[2025-11-04T02:31:00.556+0000] {logging_mixin.py:190} INFO -    🔴 CRITICAL: Drift detected in multiple batches (4/4)
[2025-11-04T02:31:00.556+0000] {logging_mixin.py:190} INFO -    📌 Action Required:
[2025-11-04T02:31:00.557+0000] {logging_mixin.py:190} INFO -       1. Investigate root cause of drift (sensor calibration, environmental changes)
[2025-11-04T02:31:00.557+0000] {logging_mixin.py:190} INFO -       2. Retrain model with recent data (include Batches 1-10)
[2025-11-04T02:31:00.557+0000] {logging_mixin.py:190} INFO -       3. Update monitoring thresholds if drift is expected
[2025-11-04T02:31:00.557+0000] {logging_mixin.py:190} INFO -       4. Consider online learning or model adaptation strategies
[2025-11-04T02:31:00.558+0000] {logging_mixin.py:190} INFO - 
================================================================================
[2025-11-04T02:31:00.558+0000] {logging_mixin.py:190} INFO - ✅ MONITORING PIPELINE COMPLETED SUCCESSFULLY!
[2025-11-04T02:31:00.558+0000] {logging_mixin.py:190} INFO - ================================================================================
[2025-11-04T02:31:00.561+0000] {logging_mixin.py:190} INFO - 💾 Comprehensive summary saved to: data/drift_reports/monitoring_summary.json
[2025-11-04T02:31:00.561+0000] {python.py:240} INFO - Done. Returned value was: None
[2025-11-04T02:31:00.567+0000] {taskinstance.py:340} INFO - ::group::Post task execution logs
[2025-11-04T02:31:00.568+0000] {taskinstance.py:352} INFO - Marking task as SUCCESS. dag_id=02_monitoring_pipeline, task_id=generate_summary, run_id=manual__2025-11-04T02:30:49.085012+00:00, execution_date=20251104T023049, start_date=20251104T023100, end_date=20251104T023100
[2025-11-04T02:31:00.610+0000] {local_task_job_runner.py:266} INFO - Task exited with return code 0
[2025-11-04T02:31:00.620+0000] {taskinstance.py:3895} INFO - 0 downstream tasks scheduled from follow-on schedule check
[2025-11-04T02:31:00.623+0000] {local_task_job_runner.py:245} INFO - ::endgroup::
