[2025-11-04T02:18:56.644+0000] {local_task_job_runner.py:123} INFO - ::group::Pre task execution logs
[2025-11-04T02:18:56.654+0000] {taskinstance.py:2613} INFO - Dependencies all met for dep_context=non-requeueable deps ti=<TaskInstance: 01_training_pipeline.load_training_data manual__2025-11-04T02:18:55.676294+00:00 [queued]>
[2025-11-04T02:18:56.658+0000] {taskinstance.py:2613} INFO - Dependencies all met for dep_context=requeueable deps ti=<TaskInstance: 01_training_pipeline.load_training_data manual__2025-11-04T02:18:55.676294+00:00 [queued]>
[2025-11-04T02:18:56.660+0000] {taskinstance.py:2866} INFO - Starting attempt 1 of 3
[2025-11-04T02:18:56.667+0000] {taskinstance.py:2889} INFO - Executing <Task(PythonOperator): load_training_data> on 2025-11-04 02:18:55.676294+00:00
[2025-11-04T02:18:56.672+0000] {standard_task_runner.py:72} INFO - Started process 963 to run task
[2025-11-04T02:18:56.675+0000] {standard_task_runner.py:104} INFO - Running: ['***', 'tasks', 'run', '01_training_pipeline', 'load_training_data', 'manual__2025-11-04T02:18:55.676294+00:00', '--job-id', '7', '--raw', '--subdir', 'DAGS_FOLDER/01_training_pipeline.py', '--cfg-path', '/tmp/tmpck5wih8v']
[2025-11-04T02:18:56.678+0000] {standard_task_runner.py:105} INFO - Job 7: Subtask load_training_data
[2025-11-04T02:18:56.710+0000] {task_command.py:467} INFO - Running <TaskInstance: 01_training_pipeline.load_training_data manual__2025-11-04T02:18:55.676294+00:00 [running]> on host 1008f8fef9d0
[2025-11-04T02:18:56.757+0000] {taskinstance.py:3132} INFO - Exporting env vars: AIRFLOW_CTX_DAG_OWNER='mlops_team' AIRFLOW_CTX_DAG_ID='01_training_pipeline' AIRFLOW_CTX_TASK_ID='load_training_data' AIRFLOW_CTX_EXECUTION_DATE='2025-11-04T02:18:55.676294+00:00' AIRFLOW_CTX_TRY_NUMBER='1' AIRFLOW_CTX_DAG_RUN_ID='manual__2025-11-04T02:18:55.676294+00:00'
[2025-11-04T02:18:56.758+0000] {taskinstance.py:731} INFO - ::endgroup::
[2025-11-04T02:18:56.765+0000] {logging_mixin.py:190} INFO - ============================================================
[2025-11-04T02:18:56.765+0000] {logging_mixin.py:190} INFO - STEP 1: LOADING TRAINING DATA
[2025-11-04T02:18:56.766+0000] {logging_mixin.py:190} INFO - ============================================================
[2025-11-04T02:18:56.766+0000] {taskinstance.py:3311} ERROR - Task failed with exception
Traceback (most recent call last):
  File "/home/airflow/.local/lib/python3.11/site-packages/airflow/models/taskinstance.py", line 767, in _execute_task
    result = _execute_callable(context=context, **execute_callable_kwargs)
             ^^^^^^^^^^^^^^^^^^^^^^^^^^^^^^^^^^^^^^^^^^^^^^^^^^^^^^^^^^^^^
  File "/home/airflow/.local/lib/python3.11/site-packages/airflow/models/taskinstance.py", line 733, in _execute_callable
    return ExecutionCallableRunner(
           ^^^^^^^^^^^^^^^^^^^^^^^^
  File "/home/airflow/.local/lib/python3.11/site-packages/airflow/utils/operator_helpers.py", line 252, in run
    return self.func(*args, **kwargs)
           ^^^^^^^^^^^^^^^^^^^^^^^^^^
  File "/home/airflow/.local/lib/python3.11/site-packages/airflow/models/baseoperator.py", line 422, in wrapper
    return func(self, *args, **kwargs)
           ^^^^^^^^^^^^^^^^^^^^^^^^^^^
  File "/home/airflow/.local/lib/python3.11/site-packages/airflow/operators/python.py", line 238, in execute
    return_value = self.execute_callable()
                   ^^^^^^^^^^^^^^^^^^^^^^^
  File "/home/airflow/.local/lib/python3.11/site-packages/airflow/operators/python.py", line 256, in execute_callable
    return runner.run(*self.op_args, **self.op_kwargs)
           ^^^^^^^^^^^^^^^^^^^^^^^^^^^^^^^^^^^^^^^^^^^
  File "/home/airflow/.local/lib/python3.11/site-packages/airflow/utils/operator_helpers.py", line 252, in run
    return self.func(*args, **kwargs)
           ^^^^^^^^^^^^^^^^^^^^^^^^^^
  File "/opt/airflow/dags/01_training_pipeline.py", line 44, in load_training_data
    config = load_config()
             ^^^^^^^^^^^^^
  File "/opt/airflow/dags/01_training_pipeline.py", line 33, in load_config
    with open(config_path, 'r') as f:
         ^^^^^^^^^^^^^^^^^^^^^^
FileNotFoundError: [Errno 2] No such file or directory: '/opt/config/config.yaml'
[2025-11-04T02:18:56.776+0000] {taskinstance.py:1225} INFO - Marking task as UP_FOR_RETRY. dag_id=01_training_pipeline, task_id=load_training_data, run_id=manual__2025-11-04T02:18:55.676294+00:00, execution_date=20251104T021855, start_date=20251104T021856, end_date=20251104T021856
[2025-11-04T02:18:56.784+0000] {taskinstance.py:340} INFO - ::group::Post task execution logs
[2025-11-04T02:18:56.785+0000] {standard_task_runner.py:124} ERROR - Failed to execute job 7 for task load_training_data ([Errno 2] No such file or directory: '/opt/config/config.yaml'; 963)
Traceback (most recent call last):
  File "/home/airflow/.local/lib/python3.11/site-packages/airflow/task/task_runner/standard_task_runner.py", line 117, in _start_by_fork
    ret = args.func(args, dag=self.dag)
          ^^^^^^^^^^^^^^^^^^^^^^^^^^^^^
  File "/home/airflow/.local/lib/python3.11/site-packages/airflow/cli/cli_config.py", line 49, in command
    return func(*args, **kwargs)
           ^^^^^^^^^^^^^^^^^^^^^
  File "/home/airflow/.local/lib/python3.11/site-packages/airflow/utils/cli.py", line 116, in wrapper
    return f(*args, **kwargs)
           ^^^^^^^^^^^^^^^^^^
  File "/home/airflow/.local/lib/python3.11/site-packages/airflow/cli/commands/task_command.py", line 483, in task_run
    task_return_code = _run_task_by_selected_method(args, _dag, ti)
                       ^^^^^^^^^^^^^^^^^^^^^^^^^^^^^^^^^^^^^^^^^^^^
  File "/home/airflow/.local/lib/python3.11/site-packages/airflow/cli/commands/task_command.py", line 256, in _run_task_by_selected_method
    return _run_raw_task(args, ti)
           ^^^^^^^^^^^^^^^^^^^^^^^
  File "/home/airflow/.local/lib/python3.11/site-packages/airflow/cli/commands/task_command.py", line 341, in _run_raw_task
    return ti._run_raw_task(
           ^^^^^^^^^^^^^^^^^
  File "/home/airflow/.local/lib/python3.11/site-packages/airflow/utils/session.py", line 97, in wrapper
    return func(*args, session=session, **kwargs)
           ^^^^^^^^^^^^^^^^^^^^^^^^^^^^^^^^^^^^^^
  File "/home/airflow/.local/lib/python3.11/site-packages/airflow/models/taskinstance.py", line 3005, in _run_raw_task
    return _run_raw_task(
           ^^^^^^^^^^^^^^
  File "/home/airflow/.local/lib/python3.11/site-packages/airflow/models/taskinstance.py", line 273, in _run_raw_task
    TaskInstance._execute_task_with_callbacks(
  File "/home/airflow/.local/lib/python3.11/site-packages/airflow/models/taskinstance.py", line 3159, in _execute_task_with_callbacks
    result = self._execute_task(context, task_orig)
             ^^^^^^^^^^^^^^^^^^^^^^^^^^^^^^^^^^^^^^
  File "/home/airflow/.local/lib/python3.11/site-packages/airflow/models/taskinstance.py", line 3183, in _execute_task
    return _execute_task(self, context, task_orig)
           ^^^^^^^^^^^^^^^^^^^^^^^^^^^^^^^^^^^^^^^
  File "/home/airflow/.local/lib/python3.11/site-packages/airflow/models/taskinstance.py", line 767, in _execute_task
    result = _execute_callable(context=context, **execute_callable_kwargs)
             ^^^^^^^^^^^^^^^^^^^^^^^^^^^^^^^^^^^^^^^^^^^^^^^^^^^^^^^^^^^^^
  File "/home/airflow/.local/lib/python3.11/site-packages/airflow/models/taskinstance.py", line 733, in _execute_callable
    return ExecutionCallableRunner(
           ^^^^^^^^^^^^^^^^^^^^^^^^
  File "/home/airflow/.local/lib/python3.11/site-packages/airflow/utils/operator_helpers.py", line 252, in run
    return self.func(*args, **kwargs)
           ^^^^^^^^^^^^^^^^^^^^^^^^^^
  File "/home/airflow/.local/lib/python3.11/site-packages/airflow/models/baseoperator.py", line 422, in wrapper
    return func(self, *args, **kwargs)
           ^^^^^^^^^^^^^^^^^^^^^^^^^^^
  File "/home/airflow/.local/lib/python3.11/site-packages/airflow/operators/python.py", line 238, in execute
    return_value = self.execute_callable()
                   ^^^^^^^^^^^^^^^^^^^^^^^
  File "/home/airflow/.local/lib/python3.11/site-packages/airflow/operators/python.py", line 256, in execute_callable
    return runner.run(*self.op_args, **self.op_kwargs)
           ^^^^^^^^^^^^^^^^^^^^^^^^^^^^^^^^^^^^^^^^^^^
  File "/home/airflow/.local/lib/python3.11/site-packages/airflow/utils/operator_helpers.py", line 252, in run
    return self.func(*args, **kwargs)
           ^^^^^^^^^^^^^^^^^^^^^^^^^^
  File "/opt/airflow/dags/01_training_pipeline.py", line 44, in load_training_data
    config = load_config()
             ^^^^^^^^^^^^^
  File "/opt/airflow/dags/01_training_pipeline.py", line 33, in load_config
    with open(config_path, 'r') as f:
         ^^^^^^^^^^^^^^^^^^^^^^
FileNotFoundError: [Errno 2] No such file or directory: '/opt/config/config.yaml'
[2025-11-04T02:18:56.810+0000] {local_task_job_runner.py:266} INFO - Task exited with return code 1
[2025-11-04T02:18:56.821+0000] {taskinstance.py:3895} INFO - 0 downstream tasks scheduled from follow-on schedule check
[2025-11-04T02:18:56.823+0000] {local_task_job_runner.py:245} INFO - ::endgroup::
