[2025-11-04T02:26:25.220+0000] {local_task_job_runner.py:123} INFO - ::group::Pre task execution logs
[2025-11-04T02:26:25.229+0000] {taskinstance.py:2613} INFO - Dependencies all met for dep_context=non-requeueable deps ti=<TaskInstance: 01_training_pipeline.train_model manual__2025-11-04T02:21:15.437183+00:00 [queued]>
[2025-11-04T02:26:25.234+0000] {taskinstance.py:2613} INFO - Dependencies all met for dep_context=requeueable deps ti=<TaskInstance: 01_training_pipeline.train_model manual__2025-11-04T02:21:15.437183+00:00 [queued]>
[2025-11-04T02:26:25.235+0000] {taskinstance.py:2866} INFO - Starting attempt 1 of 3
[2025-11-04T02:26:25.241+0000] {taskinstance.py:2889} INFO - Executing <Task(PythonOperator): train_model> on 2025-11-04 02:21:15.437183+00:00
[2025-11-04T02:26:25.247+0000] {standard_task_runner.py:72} INFO - Started process 3331 to run task
[2025-11-04T02:26:25.250+0000] {standard_task_runner.py:104} INFO - Running: ['***', 'tasks', 'run', '01_training_pipeline', 'train_model', 'manual__2025-11-04T02:21:15.437183+00:00', '--job-id', '34', '--raw', '--subdir', 'DAGS_FOLDER/01_training_pipeline.py', '--cfg-path', '/tmp/tmpoi0eabc0']
[2025-11-04T02:26:25.252+0000] {standard_task_runner.py:105} INFO - Job 34: Subtask train_model
[2025-11-04T02:26:25.281+0000] {task_command.py:467} INFO - Running <TaskInstance: 01_training_pipeline.train_model manual__2025-11-04T02:21:15.437183+00:00 [running]> on host 1008f8fef9d0
[2025-11-04T02:26:25.332+0000] {taskinstance.py:3132} INFO - Exporting env vars: AIRFLOW_CTX_DAG_OWNER='mlops_team' AIRFLOW_CTX_DAG_ID='01_training_pipeline' AIRFLOW_CTX_TASK_ID='train_model' AIRFLOW_CTX_EXECUTION_DATE='2025-11-04T02:21:15.437183+00:00' AIRFLOW_CTX_TRY_NUMBER='1' AIRFLOW_CTX_DAG_RUN_ID='manual__2025-11-04T02:21:15.437183+00:00'
[2025-11-04T02:26:25.333+0000] {taskinstance.py:731} INFO - ::endgroup::
[2025-11-04T02:26:25.340+0000] {logging_mixin.py:190} INFO - ============================================================
[2025-11-04T02:26:25.341+0000] {logging_mixin.py:190} INFO - STEP 4: TRAINING MODEL
[2025-11-04T02:26:25.341+0000] {logging_mixin.py:190} INFO - ============================================================
[2025-11-04T02:26:25.473+0000] {logging_mixin.py:190} INFO - 
============================================================
[2025-11-04T02:26:25.473+0000] {logging_mixin.py:190} INFO - 🚀 STARTING MODEL TRAINING PIPELINE
[2025-11-04T02:26:25.474+0000] {logging_mixin.py:190} INFO - ============================================================
[2025-11-04T02:26:25.477+0000] {logging_mixin.py:190} INFO - 
============================================================
[2025-11-04T02:26:25.478+0000] {logging_mixin.py:190} INFO - 🔄 PERFORMING 10-FOLD CROSS-VALIDATION
[2025-11-04T02:26:25.478+0000] {logging_mixin.py:190} INFO - ============================================================
[2025-11-04T02:26:25.483+0000] {logging_mixin.py:190} INFO - 🔄 Running 10-fold stratified cross-validation...
[2025-11-04T02:26:25.494+0000] {logging_mixin.py:190} WARNING - /home/***/.local/lib/python3.11/site-packages/joblib/parallel.py:1379 UserWarning: Loky-backed parallel loops cannot be called in a multiprocessing, setting n_jobs=1
[2025-11-04T02:26:25.768+0000] {logging_mixin.py:190} WARNING - /home/***/.local/lib/python3.11/site-packages/sklearn/ensemble/_base.py:168 UserWarning: Loky-backed parallel loops cannot be called in a multiprocessing, setting n_jobs=1
[2025-11-04T02:26:26.064+0000] {logging_mixin.py:190} WARNING - /home/***/.local/lib/python3.11/site-packages/sklearn/ensemble/_base.py:168 UserWarning: Loky-backed parallel loops cannot be called in a multiprocessing, setting n_jobs=1
[2025-11-04T02:26:26.347+0000] {logging_mixin.py:190} WARNING - /home/***/.local/lib/python3.11/site-packages/sklearn/ensemble/_base.py:168 UserWarning: Loky-backed parallel loops cannot be called in a multiprocessing, setting n_jobs=1
[2025-11-04T02:26:26.623+0000] {logging_mixin.py:190} WARNING - /home/***/.local/lib/python3.11/site-packages/sklearn/ensemble/_base.py:168 UserWarning: Loky-backed parallel loops cannot be called in a multiprocessing, setting n_jobs=1
[2025-11-04T02:26:26.894+0000] {logging_mixin.py:190} WARNING - /home/***/.local/lib/python3.11/site-packages/sklearn/ensemble/_base.py:168 UserWarning: Loky-backed parallel loops cannot be called in a multiprocessing, setting n_jobs=1
[2025-11-04T02:26:27.144+0000] {logging_mixin.py:190} WARNING - /home/***/.local/lib/python3.11/site-packages/sklearn/ensemble/_base.py:168 UserWarning: Loky-backed parallel loops cannot be called in a multiprocessing, setting n_jobs=1
[2025-11-04T02:26:27.380+0000] {logging_mixin.py:190} WARNING - /home/***/.local/lib/python3.11/site-packages/sklearn/ensemble/_base.py:168 UserWarning: Loky-backed parallel loops cannot be called in a multiprocessing, setting n_jobs=1
[2025-11-04T02:26:27.669+0000] {logging_mixin.py:190} WARNING - /home/***/.local/lib/python3.11/site-packages/sklearn/ensemble/_base.py:168 UserWarning: Loky-backed parallel loops cannot be called in a multiprocessing, setting n_jobs=1
[2025-11-04T02:26:27.908+0000] {logging_mixin.py:190} WARNING - /home/***/.local/lib/python3.11/site-packages/sklearn/ensemble/_base.py:168 UserWarning: Loky-backed parallel loops cannot be called in a multiprocessing, setting n_jobs=1
[2025-11-04T02:26:28.179+0000] {logging_mixin.py:190} WARNING - /home/***/.local/lib/python3.11/site-packages/sklearn/ensemble/_base.py:168 UserWarning: Loky-backed parallel loops cannot be called in a multiprocessing, setting n_jobs=1
[2025-11-04T02:26:28.184+0000] {logging_mixin.py:190} INFO - 
✅ Cross-Validation Results:
[2025-11-04T02:26:28.185+0000] {logging_mixin.py:190} INFO -    Mean Accuracy: 0.9916 ± 0.0043
[2025-11-04T02:26:28.185+0000] {logging_mixin.py:190} INFO -    Min Accuracy:  0.9831
[2025-11-04T02:26:28.186+0000] {logging_mixin.py:190} INFO -    Max Accuracy:  0.9983
[2025-11-04T02:26:28.186+0000] {logging_mixin.py:190} INFO - 
   Fold Scores:
[2025-11-04T02:26:28.186+0000] {logging_mixin.py:190} INFO -       Fold  1: 0.9983
[2025-11-04T02:26:28.187+0000] {logging_mixin.py:190} INFO -       Fold  2: 0.9916
[2025-11-04T02:26:28.187+0000] {logging_mixin.py:190} INFO -       Fold  3: 0.9933
[2025-11-04T02:26:28.187+0000] {logging_mixin.py:190} INFO -       Fold  4: 0.9949
[2025-11-04T02:26:28.187+0000] {logging_mixin.py:190} INFO -       Fold  5: 0.9933
[2025-11-04T02:26:28.188+0000] {logging_mixin.py:190} INFO -       Fold  6: 0.9916
[2025-11-04T02:26:28.188+0000] {logging_mixin.py:190} INFO -       Fold  7: 0.9848
[2025-11-04T02:26:28.188+0000] {logging_mixin.py:190} INFO -       Fold  8: 0.9916
[2025-11-04T02:26:28.189+0000] {logging_mixin.py:190} INFO -       Fold  9: 0.9933
[2025-11-04T02:26:28.189+0000] {logging_mixin.py:190} INFO -       Fold 10: 0.9831
[2025-11-04T02:26:28.195+0000] {logging_mixin.py:190} INFO - ============================================================
[2025-11-04T02:26:28.195+0000] {logging_mixin.py:190} INFO - 🌲 TRAINING RANDOM FOREST CLASSIFIER
[2025-11-04T02:26:28.196+0000] {logging_mixin.py:190} INFO - ============================================================
[2025-11-04T02:26:28.197+0000] {logging_mixin.py:190} INFO - 
📊 Training Data:
[2025-11-04T02:26:28.198+0000] {logging_mixin.py:190} INFO -    Samples: 5933
[2025-11-04T02:26:28.199+0000] {logging_mixin.py:190} INFO -    Features: 128
[2025-11-04T02:26:28.199+0000] {logging_mixin.py:190} INFO -    Classes: [1 2 3 4 5 6]
[2025-11-04T02:26:28.200+0000] {logging_mixin.py:190} INFO - 
   Class distribution:
[2025-11-04T02:26:28.200+0000] {logging_mixin.py:190} INFO -       1 (Ethanol): 1225 (20.6%)
[2025-11-04T02:26:28.201+0000] {logging_mixin.py:190} INFO -       2 (Ethylene): 1579 (26.6%)
[2025-11-04T02:26:28.201+0000] {logging_mixin.py:190} INFO -       3 (Ammonia): 541 (9.1%)
[2025-11-04T02:26:28.202+0000] {logging_mixin.py:190} INFO -       4 (Acetaldehyde): 484 (8.2%)
[2025-11-04T02:26:28.202+0000] {logging_mixin.py:190} INFO -       5 (Acetone): 1558 (26.3%)
[2025-11-04T02:26:28.202+0000] {logging_mixin.py:190} INFO -       6 (Toluene): 546 (9.2%)
[2025-11-04T02:26:28.203+0000] {logging_mixin.py:190} INFO - 
⚙️ Model Parameters:
[2025-11-04T02:26:28.203+0000] {logging_mixin.py:190} INFO -    n_estimators: 100
[2025-11-04T02:26:28.203+0000] {logging_mixin.py:190} INFO -    max_depth: 20
[2025-11-04T02:26:28.204+0000] {logging_mixin.py:190} INFO -    min_samples_split: 5
[2025-11-04T02:26:28.204+0000] {logging_mixin.py:190} INFO -    min_samples_leaf: 2
[2025-11-04T02:26:28.204+0000] {logging_mixin.py:190} INFO -    random_state: 42
[2025-11-04T02:26:28.205+0000] {logging_mixin.py:190} INFO -    n_jobs: -1
[2025-11-04T02:26:28.205+0000] {logging_mixin.py:190} INFO - 
🚀 Training model...
[2025-11-04T02:26:28.500+0000] {logging_mixin.py:190} WARNING - /home/***/.local/lib/python3.11/site-packages/sklearn/ensemble/_base.py:168 UserWarning: Loky-backed parallel loops cannot be called in a multiprocessing, setting n_jobs=1
[2025-11-04T02:26:28.513+0000] {logging_mixin.py:190} INFO - ✅ Training complete!
[2025-11-04T02:26:28.514+0000] {logging_mixin.py:190} INFO -    Training Accuracy: 0.9987
[2025-11-04T02:26:28.514+0000] {logging_mixin.py:190} INFO - 
📊 Extracting Feature Importances (Top 20)...
[2025-11-04T02:26:28.533+0000] {logging_mixin.py:190} INFO - 
   Top 20 Most Important Features:
[2025-11-04T02:26:28.534+0000] {logging_mixin.py:190} INFO -       feature_72: 0.032288
[2025-11-04T02:26:28.534+0000] {logging_mixin.py:190} INFO -       feature_16: 0.031514
[2025-11-04T02:26:28.535+0000] {logging_mixin.py:190} INFO -       feature_6: 0.027928
[2025-11-04T02:26:28.535+0000] {logging_mixin.py:190} INFO -       feature_100: 0.027844
[2025-11-04T02:26:28.536+0000] {logging_mixin.py:190} INFO -       feature_8: 0.024943
[2025-11-04T02:26:28.536+0000] {logging_mixin.py:190} INFO -       feature_9: 0.021821
[2025-11-04T02:26:28.536+0000] {logging_mixin.py:190} INFO -       feature_108: 0.021776
[2025-11-04T02:26:28.537+0000] {logging_mixin.py:190} INFO -       feature_101: 0.021474
[2025-11-04T02:26:28.537+0000] {logging_mixin.py:190} INFO -       feature_10: 0.021244
[2025-11-04T02:26:28.537+0000] {logging_mixin.py:190} INFO -       feature_124: 0.020165
[2025-11-04T02:26:28.538+0000] {logging_mixin.py:190} INFO -       feature_80: 0.019930
[2025-11-04T02:26:28.538+0000] {logging_mixin.py:190} INFO -       feature_14: 0.019744
[2025-11-04T02:26:28.538+0000] {logging_mixin.py:190} INFO -       feature_12: 0.018483
[2025-11-04T02:26:28.538+0000] {logging_mixin.py:190} INFO -       feature_69: 0.018479
[2025-11-04T02:26:28.539+0000] {logging_mixin.py:190} INFO -       feature_109: 0.018346
[2025-11-04T02:26:28.539+0000] {logging_mixin.py:190} INFO -       feature_44: 0.017409
[2025-11-04T02:26:28.540+0000] {logging_mixin.py:190} INFO -       feature_58: 0.016978
[2025-11-04T02:26:28.540+0000] {logging_mixin.py:190} INFO -       feature_66: 0.016826
[2025-11-04T02:26:28.540+0000] {logging_mixin.py:190} INFO -       feature_2: 0.015755
[2025-11-04T02:26:28.541+0000] {logging_mixin.py:190} INFO -       feature_71: 0.015640
[2025-11-04T02:26:28.544+0000] {logging_mixin.py:190} WARNING - /home/***/.local/lib/python3.11/site-packages/sklearn/ensemble/_base.py:168 UserWarning: Loky-backed parallel loops cannot be called in a multiprocessing, setting n_jobs=1
[2025-11-04T02:26:28.580+0000] {logging_mixin.py:190} INFO - 
💾 Saved model to: models/random_forest_20251104_022628.pkl
[2025-11-04T02:26:28.582+0000] {logging_mixin.py:190} INFO - 💾 Saved metadata to: models/random_forest_20251104_022628_metadata.json
[2025-11-04T02:26:28.597+0000] {logging_mixin.py:190} INFO - 💾 Saved as 'latest_model' for easy access
[2025-11-04T02:26:28.598+0000] {logging_mixin.py:190} INFO - 
============================================================
[2025-11-04T02:26:28.598+0000] {logging_mixin.py:190} INFO - ✅ MODEL TRAINING PIPELINE COMPLETE
[2025-11-04T02:26:28.599+0000] {logging_mixin.py:190} INFO - ============================================================
[2025-11-04T02:26:28.599+0000] {logging_mixin.py:190} INFO - 
✅ Model training completed successfully!
[2025-11-04T02:26:28.599+0000] {logging_mixin.py:190} INFO -    Training Accuracy: 0.9987
[2025-11-04T02:26:28.600+0000] {logging_mixin.py:190} INFO -    CV Mean Accuracy: 0.9916 ± 0.0043
[2025-11-04T02:26:28.622+0000] {python.py:240} INFO - Done. Returned value was: None
[2025-11-04T02:26:28.627+0000] {taskinstance.py:340} INFO - ::group::Post task execution logs
[2025-11-04T02:26:28.628+0000] {taskinstance.py:352} INFO - Marking task as SUCCESS. dag_id=01_training_pipeline, task_id=train_model, run_id=manual__2025-11-04T02:21:15.437183+00:00, execution_date=20251104T022115, start_date=20251104T022625, end_date=20251104T022628
[2025-11-04T02:26:28.641+0000] {local_task_job_runner.py:266} INFO - Task exited with return code 0
[2025-11-04T02:26:28.656+0000] {taskinstance.py:3895} INFO - 2 downstream tasks scheduled from follow-on schedule check
[2025-11-04T02:26:28.658+0000] {local_task_job_runner.py:245} INFO - ::endgroup::
