[2025-11-04T02:24:12.215+0000] {local_task_job_runner.py:123} INFO - ::group::Pre task execution logs
[2025-11-04T02:24:12.225+0000] {taskinstance.py:2613} INFO - Dependencies all met for dep_context=non-requeueable deps ti=<TaskInstance: 01_training_pipeline.generate_summary manual__2025-11-04T02:18:55.676294+00:00 [queued]>
[2025-11-04T02:24:12.231+0000] {taskinstance.py:2613} INFO - Dependencies all met for dep_context=requeueable deps ti=<TaskInstance: 01_training_pipeline.generate_summary manual__2025-11-04T02:18:55.676294+00:00 [queued]>
[2025-11-04T02:24:12.232+0000] {taskinstance.py:2866} INFO - Starting attempt 1 of 3
[2025-11-04T02:24:12.238+0000] {taskinstance.py:2889} INFO - Executing <Task(PythonOperator): generate_summary> on 2025-11-04 02:18:55.676294+00:00
[2025-11-04T02:24:12.245+0000] {standard_task_runner.py:72} INFO - Started process 2884 to run task
[2025-11-04T02:24:12.248+0000] {standard_task_runner.py:104} INFO - Running: ['***', 'tasks', 'run', '01_training_pipeline', 'generate_summary', 'manual__2025-11-04T02:18:55.676294+00:00', '--job-id', '28', '--raw', '--subdir', 'DAGS_FOLDER/01_training_pipeline.py', '--cfg-path', '/tmp/tmprqzmc4k4']
[2025-11-04T02:24:12.249+0000] {standard_task_runner.py:105} INFO - Job 28: Subtask generate_summary
[2025-11-04T02:24:12.280+0000] {task_command.py:467} INFO - Running <TaskInstance: 01_training_pipeline.generate_summary manual__2025-11-04T02:18:55.676294+00:00 [running]> on host 1008f8fef9d0
[2025-11-04T02:24:12.328+0000] {taskinstance.py:3132} INFO - Exporting env vars: AIRFLOW_CTX_DAG_OWNER='mlops_team' AIRFLOW_CTX_DAG_ID='01_training_pipeline' AIRFLOW_CTX_TASK_ID='generate_summary' AIRFLOW_CTX_EXECUTION_DATE='2025-11-04T02:18:55.676294+00:00' AIRFLOW_CTX_TRY_NUMBER='1' AIRFLOW_CTX_DAG_RUN_ID='manual__2025-11-04T02:18:55.676294+00:00'
[2025-11-04T02:24:12.330+0000] {taskinstance.py:731} INFO - ::endgroup::
[2025-11-04T02:24:12.336+0000] {logging_mixin.py:190} INFO - 
============================================================
[2025-11-04T02:24:12.337+0000] {logging_mixin.py:190} INFO - 🎉 TRAINING PIPELINE COMPLETE - SUMMARY
[2025-11-04T02:24:12.338+0000] {logging_mixin.py:190} INFO - ============================================================
[2025-11-04T02:24:12.365+0000] {logging_mixin.py:190} INFO - 
📊 Data Summary:
[2025-11-04T02:24:12.366+0000] {logging_mixin.py:190} INFO -    Training Samples: 5933
[2025-11-04T02:24:12.366+0000] {logging_mixin.py:190} INFO -    Test Samples:     7977
[2025-11-04T02:24:12.366+0000] {logging_mixin.py:190} INFO - 
🌲 Model Performance:
[2025-11-04T02:24:12.367+0000] {logging_mixin.py:190} INFO -    Training Accuracy:       0.9987
[2025-11-04T02:24:12.367+0000] {logging_mixin.py:190} INFO -    CV Accuracy:             0.9916
[2025-11-04T02:24:12.367+0000] {logging_mixin.py:190} INFO -    Baseline Accuracy:       0.9987
[2025-11-04T02:24:12.367+0000] {logging_mixin.py:190} INFO -    Test Accuracy (All):     0.5960
[2025-11-04T02:24:12.368+0000] {logging_mixin.py:190} INFO - 
💾 Artifacts:
[2025-11-04T02:24:12.368+0000] {logging_mixin.py:190} INFO -    Model Path: models/random_forest_20251104_022408.pkl
[2025-11-04T02:24:12.368+0000] {logging_mixin.py:190} INFO - 
✅ Training pipeline executed successfully!
[2025-11-04T02:24:12.369+0000] {logging_mixin.py:190} INFO - 📌 Next step: Run the monitoring pipeline to detect drift on individual batches
[2025-11-04T02:24:12.369+0000] {logging_mixin.py:190} INFO - ============================================================
[2025-11-04T02:24:12.369+0000] {python.py:240} INFO - Done. Returned value was: None
[2025-11-04T02:24:12.374+0000] {taskinstance.py:340} INFO - ::group::Post task execution logs
[2025-11-04T02:24:12.375+0000] {taskinstance.py:352} INFO - Marking task as SUCCESS. dag_id=01_training_pipeline, task_id=generate_summary, run_id=manual__2025-11-04T02:18:55.676294+00:00, execution_date=20251104T021855, start_date=20251104T022412, end_date=20251104T022412
[2025-11-04T02:24:12.421+0000] {local_task_job_runner.py:266} INFO - Task exited with return code 0
[2025-11-04T02:24:12.431+0000] {taskinstance.py:3895} INFO - 0 downstream tasks scheduled from follow-on schedule check
[2025-11-04T02:24:12.434+0000] {local_task_job_runner.py:245} INFO - ::endgroup::
