[2025-11-04T02:22:31.397+0000] {local_task_job_runner.py:123} INFO - ::group::Pre task execution logs
[2025-11-04T02:22:31.408+0000] {taskinstance.py:2613} INFO - Dependencies all met for dep_context=non-requeueable deps ti=<TaskInstance: 01_training_pipeline.train_model manual__2025-11-04T02:22:21.847012+00:00 [queued]>
[2025-11-04T02:22:31.413+0000] {taskinstance.py:2613} INFO - Dependencies all met for dep_context=requeueable deps ti=<TaskInstance: 01_training_pipeline.train_model manual__2025-11-04T02:22:21.847012+00:00 [queued]>
[2025-11-04T02:22:31.415+0000] {taskinstance.py:2866} INFO - Starting attempt 1 of 3
[2025-11-04T02:22:31.422+0000] {taskinstance.py:2889} INFO - Executing <Task(PythonOperator): train_model> on 2025-11-04 02:22:21.847012+00:00
[2025-11-04T02:22:31.428+0000] {standard_task_runner.py:72} INFO - Started process 1720 to run task
[2025-11-04T02:22:31.431+0000] {standard_task_runner.py:104} INFO - Running: ['***', 'tasks', 'run', '01_training_pipeline', 'train_model', 'manual__2025-11-04T02:22:21.847012+00:00', '--job-id', '16', '--raw', '--subdir', 'DAGS_FOLDER/01_training_pipeline.py', '--cfg-path', '/tmp/tmplmbmzwzp']
[2025-11-04T02:22:31.434+0000] {standard_task_runner.py:105} INFO - Job 16: Subtask train_model
[2025-11-04T02:22:31.469+0000] {task_command.py:467} INFO - Running <TaskInstance: 01_training_pipeline.train_model manual__2025-11-04T02:22:21.847012+00:00 [running]> on host 1008f8fef9d0
[2025-11-04T02:22:31.517+0000] {taskinstance.py:3132} INFO - Exporting env vars: AIRFLOW_CTX_DAG_OWNER='mlops_team' AIRFLOW_CTX_DAG_ID='01_training_pipeline' AIRFLOW_CTX_TASK_ID='train_model' AIRFLOW_CTX_EXECUTION_DATE='2025-11-04T02:22:21.847012+00:00' AIRFLOW_CTX_TRY_NUMBER='1' AIRFLOW_CTX_DAG_RUN_ID='manual__2025-11-04T02:22:21.847012+00:00'
[2025-11-04T02:22:31.518+0000] {taskinstance.py:731} INFO - ::endgroup::
[2025-11-04T02:22:31.526+0000] {logging_mixin.py:190} INFO - ============================================================
[2025-11-04T02:22:31.527+0000] {logging_mixin.py:190} INFO - STEP 4: TRAINING MODEL
[2025-11-04T02:22:31.528+0000] {logging_mixin.py:190} INFO - ============================================================
[2025-11-04T02:22:31.657+0000] {logging_mixin.py:190} INFO - 
============================================================
[2025-11-04T02:22:31.657+0000] {logging_mixin.py:190} INFO - 🚀 STARTING MODEL TRAINING PIPELINE
[2025-11-04T02:22:31.658+0000] {logging_mixin.py:190} INFO - ============================================================
[2025-11-04T02:22:31.661+0000] {logging_mixin.py:190} INFO - 
============================================================
[2025-11-04T02:22:31.661+0000] {logging_mixin.py:190} INFO - 🔄 PERFORMING 10-FOLD CROSS-VALIDATION
[2025-11-04T02:22:31.662+0000] {logging_mixin.py:190} INFO - ============================================================
[2025-11-04T02:22:31.667+0000] {logging_mixin.py:190} INFO - 🔄 Running 10-fold stratified cross-validation...
[2025-11-04T02:22:31.676+0000] {logging_mixin.py:190} WARNING - /home/***/.local/lib/python3.11/site-packages/joblib/parallel.py:1379 UserWarning: Loky-backed parallel loops cannot be called in a multiprocessing, setting n_jobs=1
[2025-11-04T02:22:31.952+0000] {logging_mixin.py:190} WARNING - /home/***/.local/lib/python3.11/site-packages/sklearn/ensemble/_base.py:168 UserWarning: Loky-backed parallel loops cannot be called in a multiprocessing, setting n_jobs=1
[2025-11-04T02:22:32.249+0000] {logging_mixin.py:190} WARNING - /home/***/.local/lib/python3.11/site-packages/sklearn/ensemble/_base.py:168 UserWarning: Loky-backed parallel loops cannot be called in a multiprocessing, setting n_jobs=1
[2025-11-04T02:22:32.512+0000] {logging_mixin.py:190} WARNING - /home/***/.local/lib/python3.11/site-packages/sklearn/ensemble/_base.py:168 UserWarning: Loky-backed parallel loops cannot be called in a multiprocessing, setting n_jobs=1
[2025-11-04T02:22:32.770+0000] {logging_mixin.py:190} WARNING - /home/***/.local/lib/python3.11/site-packages/sklearn/ensemble/_base.py:168 UserWarning: Loky-backed parallel loops cannot be called in a multiprocessing, setting n_jobs=1
[2025-11-04T02:22:33.032+0000] {logging_mixin.py:190} WARNING - /home/***/.local/lib/python3.11/site-packages/sklearn/ensemble/_base.py:168 UserWarning: Loky-backed parallel loops cannot be called in a multiprocessing, setting n_jobs=1
[2025-11-04T02:22:33.294+0000] {logging_mixin.py:190} WARNING - /home/***/.local/lib/python3.11/site-packages/sklearn/ensemble/_base.py:168 UserWarning: Loky-backed parallel loops cannot be called in a multiprocessing, setting n_jobs=1
[2025-11-04T02:22:33.547+0000] {logging_mixin.py:190} WARNING - /home/***/.local/lib/python3.11/site-packages/sklearn/ensemble/_base.py:168 UserWarning: Loky-backed parallel loops cannot be called in a multiprocessing, setting n_jobs=1
[2025-11-04T02:22:33.794+0000] {logging_mixin.py:190} WARNING - /home/***/.local/lib/python3.11/site-packages/sklearn/ensemble/_base.py:168 UserWarning: Loky-backed parallel loops cannot be called in a multiprocessing, setting n_jobs=1
[2025-11-04T02:22:34.035+0000] {logging_mixin.py:190} WARNING - /home/***/.local/lib/python3.11/site-packages/sklearn/ensemble/_base.py:168 UserWarning: Loky-backed parallel loops cannot be called in a multiprocessing, setting n_jobs=1
[2025-11-04T02:22:34.257+0000] {logging_mixin.py:190} WARNING - /home/***/.local/lib/python3.11/site-packages/sklearn/ensemble/_base.py:168 UserWarning: Loky-backed parallel loops cannot be called in a multiprocessing, setting n_jobs=1
[2025-11-04T02:22:34.262+0000] {logging_mixin.py:190} INFO - 
✅ Cross-Validation Results:
[2025-11-04T02:22:34.262+0000] {logging_mixin.py:190} INFO -    Mean Accuracy: 0.9916 ± 0.0043
[2025-11-04T02:22:34.263+0000] {logging_mixin.py:190} INFO -    Min Accuracy:  0.9831
[2025-11-04T02:22:34.263+0000] {logging_mixin.py:190} INFO -    Max Accuracy:  0.9983
[2025-11-04T02:22:34.264+0000] {logging_mixin.py:190} INFO - 
   Fold Scores:
[2025-11-04T02:22:34.264+0000] {logging_mixin.py:190} INFO -       Fold  1: 0.9983
[2025-11-04T02:22:34.264+0000] {logging_mixin.py:190} INFO -       Fold  2: 0.9916
[2025-11-04T02:22:34.265+0000] {logging_mixin.py:190} INFO -       Fold  3: 0.9933
[2025-11-04T02:22:34.265+0000] {logging_mixin.py:190} INFO -       Fold  4: 0.9949
[2025-11-04T02:22:34.265+0000] {logging_mixin.py:190} INFO -       Fold  5: 0.9933
[2025-11-04T02:22:34.266+0000] {logging_mixin.py:190} INFO -       Fold  6: 0.9916
[2025-11-04T02:22:34.266+0000] {logging_mixin.py:190} INFO -       Fold  7: 0.9848
[2025-11-04T02:22:34.266+0000] {logging_mixin.py:190} INFO -       Fold  8: 0.9916
[2025-11-04T02:22:34.267+0000] {logging_mixin.py:190} INFO -       Fold  9: 0.9933
[2025-11-04T02:22:34.267+0000] {logging_mixin.py:190} INFO -       Fold 10: 0.9831
[2025-11-04T02:22:34.271+0000] {logging_mixin.py:190} INFO - ============================================================
[2025-11-04T02:22:34.271+0000] {logging_mixin.py:190} INFO - 🌲 TRAINING RANDOM FOREST CLASSIFIER
[2025-11-04T02:22:34.271+0000] {logging_mixin.py:190} INFO - ============================================================
[2025-11-04T02:22:34.274+0000] {logging_mixin.py:190} INFO - 
📊 Training Data:
[2025-11-04T02:22:34.275+0000] {logging_mixin.py:190} INFO -    Samples: 5933
[2025-11-04T02:22:34.275+0000] {logging_mixin.py:190} INFO -    Features: 128
[2025-11-04T02:22:34.276+0000] {logging_mixin.py:190} INFO -    Classes: [1 2 3 4 5 6]
[2025-11-04T02:22:34.276+0000] {logging_mixin.py:190} INFO - 
   Class distribution:
[2025-11-04T02:22:34.276+0000] {logging_mixin.py:190} INFO -       1 (Ethanol): 1225 (20.6%)
[2025-11-04T02:22:34.277+0000] {logging_mixin.py:190} INFO -       2 (Ethylene): 1579 (26.6%)
[2025-11-04T02:22:34.277+0000] {logging_mixin.py:190} INFO -       3 (Ammonia): 541 (9.1%)
[2025-11-04T02:22:34.277+0000] {logging_mixin.py:190} INFO -       4 (Acetaldehyde): 484 (8.2%)
[2025-11-04T02:22:34.278+0000] {logging_mixin.py:190} INFO -       5 (Acetone): 1558 (26.3%)
[2025-11-04T02:22:34.278+0000] {logging_mixin.py:190} INFO -       6 (Toluene): 546 (9.2%)
[2025-11-04T02:22:34.278+0000] {logging_mixin.py:190} INFO - 
⚙️ Model Parameters:
[2025-11-04T02:22:34.279+0000] {logging_mixin.py:190} INFO -    n_estimators: 100
[2025-11-04T02:22:34.279+0000] {logging_mixin.py:190} INFO -    max_depth: 20
[2025-11-04T02:22:34.280+0000] {logging_mixin.py:190} INFO -    min_samples_split: 5
[2025-11-04T02:22:34.280+0000] {logging_mixin.py:190} INFO -    min_samples_leaf: 2
[2025-11-04T02:22:34.281+0000] {logging_mixin.py:190} INFO -    random_state: 42
[2025-11-04T02:22:34.281+0000] {logging_mixin.py:190} INFO -    n_jobs: -1
[2025-11-04T02:22:34.281+0000] {logging_mixin.py:190} INFO - 
🚀 Training model...
[2025-11-04T02:22:34.559+0000] {logging_mixin.py:190} WARNING - /home/***/.local/lib/python3.11/site-packages/sklearn/ensemble/_base.py:168 UserWarning: Loky-backed parallel loops cannot be called in a multiprocessing, setting n_jobs=1
[2025-11-04T02:22:34.571+0000] {logging_mixin.py:190} INFO - ✅ Training complete!
[2025-11-04T02:22:34.572+0000] {logging_mixin.py:190} INFO -    Training Accuracy: 0.9987
[2025-11-04T02:22:34.572+0000] {logging_mixin.py:190} INFO - 
📊 Extracting Feature Importances (Top 20)...
[2025-11-04T02:22:34.591+0000] {logging_mixin.py:190} INFO - 
   Top 20 Most Important Features:
[2025-11-04T02:22:34.593+0000] {logging_mixin.py:190} INFO -       feature_72: 0.032288
[2025-11-04T02:22:34.594+0000] {logging_mixin.py:190} INFO -       feature_16: 0.031514
[2025-11-04T02:22:34.595+0000] {logging_mixin.py:190} INFO -       feature_6: 0.027928
[2025-11-04T02:22:34.595+0000] {logging_mixin.py:190} INFO -       feature_100: 0.027844
[2025-11-04T02:22:34.596+0000] {logging_mixin.py:190} INFO -       feature_8: 0.024943
[2025-11-04T02:22:34.597+0000] {logging_mixin.py:190} INFO -       feature_9: 0.021821
[2025-11-04T02:22:34.597+0000] {logging_mixin.py:190} INFO -       feature_108: 0.021776
[2025-11-04T02:22:34.598+0000] {logging_mixin.py:190} INFO -       feature_101: 0.021474
[2025-11-04T02:22:34.598+0000] {logging_mixin.py:190} INFO -       feature_10: 0.021244
[2025-11-04T02:22:34.599+0000] {logging_mixin.py:190} INFO -       feature_124: 0.020165
[2025-11-04T02:22:34.599+0000] {logging_mixin.py:190} INFO -       feature_80: 0.019930
[2025-11-04T02:22:34.600+0000] {logging_mixin.py:190} INFO -       feature_14: 0.019744
[2025-11-04T02:22:34.600+0000] {logging_mixin.py:190} INFO -       feature_12: 0.018483
[2025-11-04T02:22:34.601+0000] {logging_mixin.py:190} INFO -       feature_69: 0.018479
[2025-11-04T02:22:34.601+0000] {logging_mixin.py:190} INFO -       feature_109: 0.018346
[2025-11-04T02:22:34.602+0000] {logging_mixin.py:190} INFO -       feature_44: 0.017409
[2025-11-04T02:22:34.603+0000] {logging_mixin.py:190} INFO -       feature_58: 0.016978
[2025-11-04T02:22:34.603+0000] {logging_mixin.py:190} INFO -       feature_66: 0.016826
[2025-11-04T02:22:34.604+0000] {logging_mixin.py:190} INFO -       feature_2: 0.015755
[2025-11-04T02:22:34.605+0000] {logging_mixin.py:190} INFO -       feature_71: 0.015640
[2025-11-04T02:22:34.608+0000] {logging_mixin.py:190} WARNING - /home/***/.local/lib/python3.11/site-packages/sklearn/ensemble/_base.py:168 UserWarning: Loky-backed parallel loops cannot be called in a multiprocessing, setting n_jobs=1
[2025-11-04T02:22:34.642+0000] {logging_mixin.py:190} INFO - 
💾 Saved model to: models/random_forest_20251104_022234.pkl
[2025-11-04T02:22:34.643+0000] {logging_mixin.py:190} INFO - 💾 Saved metadata to: models/random_forest_20251104_022234_metadata.json
[2025-11-04T02:22:34.658+0000] {logging_mixin.py:190} INFO - 💾 Saved as 'latest_model' for easy access
[2025-11-04T02:22:34.658+0000] {logging_mixin.py:190} INFO - 
============================================================
[2025-11-04T02:22:34.659+0000] {logging_mixin.py:190} INFO - ✅ MODEL TRAINING PIPELINE COMPLETE
[2025-11-04T02:22:34.659+0000] {logging_mixin.py:190} INFO - ============================================================
[2025-11-04T02:22:34.659+0000] {logging_mixin.py:190} INFO - 
✅ Model training completed successfully!
[2025-11-04T02:22:34.660+0000] {logging_mixin.py:190} INFO -    Training Accuracy: 0.9987
[2025-11-04T02:22:34.660+0000] {logging_mixin.py:190} INFO -    CV Mean Accuracy: 0.9916 ± 0.0043
[2025-11-04T02:22:34.681+0000] {python.py:240} INFO - Done. Returned value was: None
[2025-11-04T02:22:34.686+0000] {taskinstance.py:340} INFO - ::group::Post task execution logs
[2025-11-04T02:22:34.687+0000] {taskinstance.py:352} INFO - Marking task as SUCCESS. dag_id=01_training_pipeline, task_id=train_model, run_id=manual__2025-11-04T02:22:21.847012+00:00, execution_date=20251104T022221, start_date=20251104T022231, end_date=20251104T022234
[2025-11-04T02:22:34.701+0000] {local_task_job_runner.py:266} INFO - Task exited with return code 0
[2025-11-04T02:22:34.715+0000] {taskinstance.py:3895} INFO - 2 downstream tasks scheduled from follow-on schedule check
[2025-11-04T02:22:34.717+0000] {local_task_job_runner.py:245} INFO - ::endgroup::
