[2025-11-04T02:24:05.110+0000] {local_task_job_runner.py:123} INFO - ::group::Pre task execution logs
[2025-11-04T02:24:05.120+0000] {taskinstance.py:2613} INFO - Dependencies all met for dep_context=non-requeueable deps ti=<TaskInstance: 01_training_pipeline.train_model manual__2025-11-04T02:18:55.676294+00:00 [queued]>
[2025-11-04T02:24:05.126+0000] {taskinstance.py:2613} INFO - Dependencies all met for dep_context=requeueable deps ti=<TaskInstance: 01_training_pipeline.train_model manual__2025-11-04T02:18:55.676294+00:00 [queued]>
[2025-11-04T02:24:05.128+0000] {taskinstance.py:2866} INFO - Starting attempt 1 of 3
[2025-11-04T02:24:05.135+0000] {taskinstance.py:2889} INFO - Executing <Task(PythonOperator): train_model> on 2025-11-04 02:18:55.676294+00:00
[2025-11-04T02:24:05.140+0000] {standard_task_runner.py:72} INFO - Started process 2479 to run task
[2025-11-04T02:24:05.144+0000] {standard_task_runner.py:104} INFO - Running: ['***', 'tasks', 'run', '01_training_pipeline', 'train_model', 'manual__2025-11-04T02:18:55.676294+00:00', '--job-id', '25', '--raw', '--subdir', 'DAGS_FOLDER/01_training_pipeline.py', '--cfg-path', '/tmp/tmp8liwfb6f']
[2025-11-04T02:24:05.148+0000] {standard_task_runner.py:105} INFO - Job 25: Subtask train_model
[2025-11-04T02:24:05.179+0000] {task_command.py:467} INFO - Running <TaskInstance: 01_training_pipeline.train_model manual__2025-11-04T02:18:55.676294+00:00 [running]> on host 1008f8fef9d0
[2025-11-04T02:24:05.227+0000] {taskinstance.py:3132} INFO - Exporting env vars: AIRFLOW_CTX_DAG_OWNER='mlops_team' AIRFLOW_CTX_DAG_ID='01_training_pipeline' AIRFLOW_CTX_TASK_ID='train_model' AIRFLOW_CTX_EXECUTION_DATE='2025-11-04T02:18:55.676294+00:00' AIRFLOW_CTX_TRY_NUMBER='1' AIRFLOW_CTX_DAG_RUN_ID='manual__2025-11-04T02:18:55.676294+00:00'
[2025-11-04T02:24:05.228+0000] {taskinstance.py:731} INFO - ::endgroup::
[2025-11-04T02:24:05.235+0000] {logging_mixin.py:190} INFO - ============================================================
[2025-11-04T02:24:05.236+0000] {logging_mixin.py:190} INFO - STEP 4: TRAINING MODEL
[2025-11-04T02:24:05.236+0000] {logging_mixin.py:190} INFO - ============================================================
[2025-11-04T02:24:05.371+0000] {logging_mixin.py:190} INFO - 
============================================================
[2025-11-04T02:24:05.371+0000] {logging_mixin.py:190} INFO - 🚀 STARTING MODEL TRAINING PIPELINE
[2025-11-04T02:24:05.372+0000] {logging_mixin.py:190} INFO - ============================================================
[2025-11-04T02:24:05.375+0000] {logging_mixin.py:190} INFO - 
============================================================
[2025-11-04T02:24:05.376+0000] {logging_mixin.py:190} INFO - 🔄 PERFORMING 10-FOLD CROSS-VALIDATION
[2025-11-04T02:24:05.376+0000] {logging_mixin.py:190} INFO - ============================================================
[2025-11-04T02:24:05.380+0000] {logging_mixin.py:190} INFO - 🔄 Running 10-fold stratified cross-validation...
[2025-11-04T02:24:05.389+0000] {logging_mixin.py:190} WARNING - /home/***/.local/lib/python3.11/site-packages/joblib/parallel.py:1379 UserWarning: Loky-backed parallel loops cannot be called in a multiprocessing, setting n_jobs=1
[2025-11-04T02:24:05.694+0000] {logging_mixin.py:190} WARNING - /home/***/.local/lib/python3.11/site-packages/sklearn/ensemble/_base.py:168 UserWarning: Loky-backed parallel loops cannot be called in a multiprocessing, setting n_jobs=1
[2025-11-04T02:24:05.967+0000] {logging_mixin.py:190} WARNING - /home/***/.local/lib/python3.11/site-packages/sklearn/ensemble/_base.py:168 UserWarning: Loky-backed parallel loops cannot be called in a multiprocessing, setting n_jobs=1
[2025-11-04T02:24:06.212+0000] {logging_mixin.py:190} WARNING - /home/***/.local/lib/python3.11/site-packages/sklearn/ensemble/_base.py:168 UserWarning: Loky-backed parallel loops cannot be called in a multiprocessing, setting n_jobs=1
[2025-11-04T02:24:06.479+0000] {logging_mixin.py:190} WARNING - /home/***/.local/lib/python3.11/site-packages/sklearn/ensemble/_base.py:168 UserWarning: Loky-backed parallel loops cannot be called in a multiprocessing, setting n_jobs=1
[2025-11-04T02:24:06.739+0000] {logging_mixin.py:190} WARNING - /home/***/.local/lib/python3.11/site-packages/sklearn/ensemble/_base.py:168 UserWarning: Loky-backed parallel loops cannot be called in a multiprocessing, setting n_jobs=1
[2025-11-04T02:24:06.973+0000] {logging_mixin.py:190} WARNING - /home/***/.local/lib/python3.11/site-packages/sklearn/ensemble/_base.py:168 UserWarning: Loky-backed parallel loops cannot be called in a multiprocessing, setting n_jobs=1
[2025-11-04T02:24:07.240+0000] {logging_mixin.py:190} WARNING - /home/***/.local/lib/python3.11/site-packages/sklearn/ensemble/_base.py:168 UserWarning: Loky-backed parallel loops cannot be called in a multiprocessing, setting n_jobs=1
[2025-11-04T02:24:07.500+0000] {logging_mixin.py:190} WARNING - /home/***/.local/lib/python3.11/site-packages/sklearn/ensemble/_base.py:168 UserWarning: Loky-backed parallel loops cannot be called in a multiprocessing, setting n_jobs=1
[2025-11-04T02:24:07.772+0000] {logging_mixin.py:190} WARNING - /home/***/.local/lib/python3.11/site-packages/sklearn/ensemble/_base.py:168 UserWarning: Loky-backed parallel loops cannot be called in a multiprocessing, setting n_jobs=1
[2025-11-04T02:24:08.016+0000] {logging_mixin.py:190} WARNING - /home/***/.local/lib/python3.11/site-packages/sklearn/ensemble/_base.py:168 UserWarning: Loky-backed parallel loops cannot be called in a multiprocessing, setting n_jobs=1
[2025-11-04T02:24:08.021+0000] {logging_mixin.py:190} INFO - 
✅ Cross-Validation Results:
[2025-11-04T02:24:08.021+0000] {logging_mixin.py:190} INFO -    Mean Accuracy: 0.9916 ± 0.0043
[2025-11-04T02:24:08.022+0000] {logging_mixin.py:190} INFO -    Min Accuracy:  0.9831
[2025-11-04T02:24:08.022+0000] {logging_mixin.py:190} INFO -    Max Accuracy:  0.9983
[2025-11-04T02:24:08.022+0000] {logging_mixin.py:190} INFO - 
   Fold Scores:
[2025-11-04T02:24:08.023+0000] {logging_mixin.py:190} INFO -       Fold  1: 0.9983
[2025-11-04T02:24:08.023+0000] {logging_mixin.py:190} INFO -       Fold  2: 0.9916
[2025-11-04T02:24:08.023+0000] {logging_mixin.py:190} INFO -       Fold  3: 0.9933
[2025-11-04T02:24:08.024+0000] {logging_mixin.py:190} INFO -       Fold  4: 0.9949
[2025-11-04T02:24:08.024+0000] {logging_mixin.py:190} INFO -       Fold  5: 0.9933
[2025-11-04T02:24:08.025+0000] {logging_mixin.py:190} INFO -       Fold  6: 0.9916
[2025-11-04T02:24:08.025+0000] {logging_mixin.py:190} INFO -       Fold  7: 0.9848
[2025-11-04T02:24:08.026+0000] {logging_mixin.py:190} INFO -       Fold  8: 0.9916
[2025-11-04T02:24:08.026+0000] {logging_mixin.py:190} INFO -       Fold  9: 0.9933
[2025-11-04T02:24:08.026+0000] {logging_mixin.py:190} INFO -       Fold 10: 0.9831
[2025-11-04T02:24:08.030+0000] {logging_mixin.py:190} INFO - ============================================================
[2025-11-04T02:24:08.030+0000] {logging_mixin.py:190} INFO - 🌲 TRAINING RANDOM FOREST CLASSIFIER
[2025-11-04T02:24:08.031+0000] {logging_mixin.py:190} INFO - ============================================================
[2025-11-04T02:24:08.033+0000] {logging_mixin.py:190} INFO - 
📊 Training Data:
[2025-11-04T02:24:08.033+0000] {logging_mixin.py:190} INFO -    Samples: 5933
[2025-11-04T02:24:08.033+0000] {logging_mixin.py:190} INFO -    Features: 128
[2025-11-04T02:24:08.034+0000] {logging_mixin.py:190} INFO -    Classes: [1 2 3 4 5 6]
[2025-11-04T02:24:08.035+0000] {logging_mixin.py:190} INFO - 
   Class distribution:
[2025-11-04T02:24:08.035+0000] {logging_mixin.py:190} INFO -       1 (Ethanol): 1225 (20.6%)
[2025-11-04T02:24:08.035+0000] {logging_mixin.py:190} INFO -       2 (Ethylene): 1579 (26.6%)
[2025-11-04T02:24:08.036+0000] {logging_mixin.py:190} INFO -       3 (Ammonia): 541 (9.1%)
[2025-11-04T02:24:08.036+0000] {logging_mixin.py:190} INFO -       4 (Acetaldehyde): 484 (8.2%)
[2025-11-04T02:24:08.037+0000] {logging_mixin.py:190} INFO -       5 (Acetone): 1558 (26.3%)
[2025-11-04T02:24:08.037+0000] {logging_mixin.py:190} INFO -       6 (Toluene): 546 (9.2%)
[2025-11-04T02:24:08.037+0000] {logging_mixin.py:190} INFO - 
⚙️ Model Parameters:
[2025-11-04T02:24:08.038+0000] {logging_mixin.py:190} INFO -    n_estimators: 100
[2025-11-04T02:24:08.038+0000] {logging_mixin.py:190} INFO -    max_depth: 20
[2025-11-04T02:24:08.038+0000] {logging_mixin.py:190} INFO -    min_samples_split: 5
[2025-11-04T02:24:08.039+0000] {logging_mixin.py:190} INFO -    min_samples_leaf: 2
[2025-11-04T02:24:08.039+0000] {logging_mixin.py:190} INFO -    random_state: 42
[2025-11-04T02:24:08.039+0000] {logging_mixin.py:190} INFO -    n_jobs: -1
[2025-11-04T02:24:08.040+0000] {logging_mixin.py:190} INFO - 
🚀 Training model...
[2025-11-04T02:24:08.304+0000] {logging_mixin.py:190} WARNING - /home/***/.local/lib/python3.11/site-packages/sklearn/ensemble/_base.py:168 UserWarning: Loky-backed parallel loops cannot be called in a multiprocessing, setting n_jobs=1
[2025-11-04T02:24:08.317+0000] {logging_mixin.py:190} INFO - ✅ Training complete!
[2025-11-04T02:24:08.318+0000] {logging_mixin.py:190} INFO -    Training Accuracy: 0.9987
[2025-11-04T02:24:08.318+0000] {logging_mixin.py:190} INFO - 
📊 Extracting Feature Importances (Top 20)...
[2025-11-04T02:24:08.337+0000] {logging_mixin.py:190} INFO - 
   Top 20 Most Important Features:
[2025-11-04T02:24:08.338+0000] {logging_mixin.py:190} INFO -       feature_72: 0.032288
[2025-11-04T02:24:08.339+0000] {logging_mixin.py:190} INFO -       feature_16: 0.031514
[2025-11-04T02:24:08.339+0000] {logging_mixin.py:190} INFO -       feature_6: 0.027928
[2025-11-04T02:24:08.340+0000] {logging_mixin.py:190} INFO -       feature_100: 0.027844
[2025-11-04T02:24:08.341+0000] {logging_mixin.py:190} INFO -       feature_8: 0.024943
[2025-11-04T02:24:08.342+0000] {logging_mixin.py:190} INFO -       feature_9: 0.021821
[2025-11-04T02:24:08.343+0000] {logging_mixin.py:190} INFO -       feature_108: 0.021776
[2025-11-04T02:24:08.343+0000] {logging_mixin.py:190} INFO -       feature_101: 0.021474
[2025-11-04T02:24:08.343+0000] {logging_mixin.py:190} INFO -       feature_10: 0.021244
[2025-11-04T02:24:08.344+0000] {logging_mixin.py:190} INFO -       feature_124: 0.020165
[2025-11-04T02:24:08.344+0000] {logging_mixin.py:190} INFO -       feature_80: 0.019930
[2025-11-04T02:24:08.345+0000] {logging_mixin.py:190} INFO -       feature_14: 0.019744
[2025-11-04T02:24:08.345+0000] {logging_mixin.py:190} INFO -       feature_12: 0.018483
[2025-11-04T02:24:08.346+0000] {logging_mixin.py:190} INFO -       feature_69: 0.018479
[2025-11-04T02:24:08.346+0000] {logging_mixin.py:190} INFO -       feature_109: 0.018346
[2025-11-04T02:24:08.347+0000] {logging_mixin.py:190} INFO -       feature_44: 0.017409
[2025-11-04T02:24:08.347+0000] {logging_mixin.py:190} INFO -       feature_58: 0.016978
[2025-11-04T02:24:08.348+0000] {logging_mixin.py:190} INFO -       feature_66: 0.016826
[2025-11-04T02:24:08.348+0000] {logging_mixin.py:190} INFO -       feature_2: 0.015755
[2025-11-04T02:24:08.349+0000] {logging_mixin.py:190} INFO -       feature_71: 0.015640
[2025-11-04T02:24:08.353+0000] {logging_mixin.py:190} WARNING - /home/***/.local/lib/python3.11/site-packages/sklearn/ensemble/_base.py:168 UserWarning: Loky-backed parallel loops cannot be called in a multiprocessing, setting n_jobs=1
[2025-11-04T02:24:08.391+0000] {logging_mixin.py:190} INFO - 
💾 Saved model to: models/random_forest_20251104_022408.pkl
[2025-11-04T02:24:08.394+0000] {logging_mixin.py:190} INFO - 💾 Saved metadata to: models/random_forest_20251104_022408_metadata.json
[2025-11-04T02:24:08.413+0000] {logging_mixin.py:190} INFO - 💾 Saved as 'latest_model' for easy access
[2025-11-04T02:24:08.413+0000] {logging_mixin.py:190} INFO - 
============================================================
[2025-11-04T02:24:08.414+0000] {logging_mixin.py:190} INFO - ✅ MODEL TRAINING PIPELINE COMPLETE
[2025-11-04T02:24:08.414+0000] {logging_mixin.py:190} INFO - ============================================================
[2025-11-04T02:24:08.415+0000] {logging_mixin.py:190} INFO - 
✅ Model training completed successfully!
[2025-11-04T02:24:08.415+0000] {logging_mixin.py:190} INFO -    Training Accuracy: 0.9987
[2025-11-04T02:24:08.415+0000] {logging_mixin.py:190} INFO -    CV Mean Accuracy: 0.9916 ± 0.0043
[2025-11-04T02:24:08.438+0000] {python.py:240} INFO - Done. Returned value was: None
[2025-11-04T02:24:08.443+0000] {taskinstance.py:340} INFO - ::group::Post task execution logs
[2025-11-04T02:24:08.444+0000] {taskinstance.py:352} INFO - Marking task as SUCCESS. dag_id=01_training_pipeline, task_id=train_model, run_id=manual__2025-11-04T02:18:55.676294+00:00, execution_date=20251104T021855, start_date=20251104T022405, end_date=20251104T022408
[2025-11-04T02:24:08.470+0000] {local_task_job_runner.py:266} INFO - Task exited with return code 0
[2025-11-04T02:24:08.485+0000] {taskinstance.py:3895} INFO - 2 downstream tasks scheduled from follow-on schedule check
[2025-11-04T02:24:08.487+0000] {local_task_job_runner.py:245} INFO - ::endgroup::
