[2025-11-04T02:22:36.426+0000] {local_task_job_runner.py:123} INFO - ::group::Pre task execution logs
[2025-11-04T02:22:36.437+0000] {taskinstance.py:2613} INFO - Dependencies all met for dep_context=non-requeueable deps ti=<TaskInstance: 01_training_pipeline.evaluate_on_training manual__2025-11-04T02:22:21.847012+00:00 [queued]>
[2025-11-04T02:22:36.443+0000] {taskinstance.py:2613} INFO - Dependencies all met for dep_context=requeueable deps ti=<TaskInstance: 01_training_pipeline.evaluate_on_training manual__2025-11-04T02:22:21.847012+00:00 [queued]>
[2025-11-04T02:22:36.444+0000] {taskinstance.py:2866} INFO - Starting attempt 1 of 3
[2025-11-04T02:22:36.452+0000] {taskinstance.py:2889} INFO - Executing <Task(PythonOperator): evaluate_on_training> on 2025-11-04 02:22:21.847012+00:00
[2025-11-04T02:22:36.458+0000] {standard_task_runner.py:72} INFO - Started process 2096 to run task
[2025-11-04T02:22:36.461+0000] {standard_task_runner.py:104} INFO - Running: ['***', 'tasks', 'run', '01_training_pipeline', 'evaluate_on_training', 'manual__2025-11-04T02:22:21.847012+00:00', '--job-id', '17', '--raw', '--subdir', 'DAGS_FOLDER/01_training_pipeline.py', '--cfg-path', '/tmp/tmpah7wam1q']
[2025-11-04T02:22:36.463+0000] {standard_task_runner.py:105} INFO - Job 17: Subtask evaluate_on_training
[2025-11-04T02:22:36.498+0000] {task_command.py:467} INFO - Running <TaskInstance: 01_training_pipeline.evaluate_on_training manual__2025-11-04T02:22:21.847012+00:00 [running]> on host 1008f8fef9d0
[2025-11-04T02:22:36.548+0000] {taskinstance.py:3132} INFO - Exporting env vars: AIRFLOW_CTX_DAG_OWNER='mlops_team' AIRFLOW_CTX_DAG_ID='01_training_pipeline' AIRFLOW_CTX_TASK_ID='evaluate_on_training' AIRFLOW_CTX_EXECUTION_DATE='2025-11-04T02:22:21.847012+00:00' AIRFLOW_CTX_TRY_NUMBER='1' AIRFLOW_CTX_DAG_RUN_ID='manual__2025-11-04T02:22:21.847012+00:00'
[2025-11-04T02:22:36.549+0000] {taskinstance.py:731} INFO - ::endgroup::
[2025-11-04T02:22:36.556+0000] {logging_mixin.py:190} INFO - ============================================================
[2025-11-04T02:22:36.557+0000] {logging_mixin.py:190} INFO - STEP 5: BASELINE EVALUATION (Training Data)
[2025-11-04T02:22:36.557+0000] {logging_mixin.py:190} INFO - ============================================================
[2025-11-04T02:22:36.583+0000] {logging_mixin.py:190} INFO - 📂 Loaded model from: models/latest_model.pkl
[2025-11-04T02:22:36.586+0000] {logging_mixin.py:190} INFO - 📂 Loaded metadata from: models/latest_model_metadata.json
[2025-11-04T02:22:36.740+0000] {logging_mixin.py:190} WARNING - /home/***/.local/lib/python3.11/site-packages/sklearn/ensemble/_base.py:168 UserWarning: Loky-backed parallel loops cannot be called in a multiprocessing, setting n_jobs=1
[2025-11-04T02:22:36.755+0000] {logging_mixin.py:190} WARNING - /home/***/.local/lib/python3.11/site-packages/sklearn/ensemble/_base.py:168 UserWarning: Loky-backed parallel loops cannot be called in a multiprocessing, setting n_jobs=1
[2025-11-04T02:22:36.792+0000] {logging_mixin.py:190} INFO - 
============================================================
[2025-11-04T02:22:36.792+0000] {logging_mixin.py:190} INFO - 📊 EVALUATION RESULTS
[2025-11-04T02:22:36.793+0000] {logging_mixin.py:190} INFO - ============================================================
[2025-11-04T02:22:36.793+0000] {logging_mixin.py:190} INFO - 
📈 Overall Metrics:
[2025-11-04T02:22:36.793+0000] {logging_mixin.py:190} INFO -    Samples:         5933
[2025-11-04T02:22:36.794+0000] {logging_mixin.py:190} INFO -    Accuracy:        0.9987
[2025-11-04T02:22:36.794+0000] {logging_mixin.py:190} INFO -    Precision (macro): 0.9991
[2025-11-04T02:22:36.794+0000] {logging_mixin.py:190} INFO -    Recall (macro):    0.9975
[2025-11-04T02:22:36.795+0000] {logging_mixin.py:190} INFO -    F1-Score (macro):  0.9983
[2025-11-04T02:22:36.795+0000] {logging_mixin.py:190} INFO - 
🎯 Per-Class Performance:
[2025-11-04T02:22:36.796+0000] {logging_mixin.py:190} INFO -    Class Name            Precision  Recall     F1-Score   Support   
[2025-11-04T02:22:36.796+0000] {logging_mixin.py:190} INFO -    ----------------------------------------------------------------------
[2025-11-04T02:22:36.796+0000] {logging_mixin.py:190} INFO -    1     Ethanol         0.9992     1.0000     0.9996     1225      
[2025-11-04T02:22:36.797+0000] {logging_mixin.py:190} INFO -    2     Ethylene        1.0000     1.0000     1.0000     1579      
[2025-11-04T02:22:36.797+0000] {logging_mixin.py:190} INFO -    3     Ammonia         1.0000     0.9871     0.9935     541       
[2025-11-04T02:22:36.798+0000] {logging_mixin.py:190} INFO -    4     Acetaldehyde    1.0000     1.0000     1.0000     484       
[2025-11-04T02:22:36.798+0000] {logging_mixin.py:190} INFO -    5     Acetone         0.9955     1.0000     0.9978     1558      
[2025-11-04T02:22:36.799+0000] {logging_mixin.py:190} INFO -    6     Toluene         1.0000     0.9982     0.9991     546       
[2025-11-04T02:22:36.799+0000] {logging_mixin.py:190} INFO - 
🔮 Prediction Confidence:
[2025-11-04T02:22:36.799+0000] {logging_mixin.py:190} INFO -    Mean:   0.9814
[2025-11-04T02:22:36.800+0000] {logging_mixin.py:190} INFO -    Median: 1.0000
[2025-11-04T02:22:36.800+0000] {logging_mixin.py:190} INFO -    Std:    0.0569
[2025-11-04T02:22:36.800+0000] {logging_mixin.py:190} INFO -    Range:  [0.3662, 1.0000]
[2025-11-04T02:22:36.801+0000] {logging_mixin.py:190} INFO - 
❌ Misclassification Analysis:
[2025-11-04T02:22:36.801+0000] {logging_mixin.py:190} INFO -    Misclassified: 8 (0.13%)
[2025-11-04T02:22:36.802+0000] {logging_mixin.py:190} INFO -    Low Confidence (<0.6): 36
[2025-11-04T02:22:36.802+0000] {logging_mixin.py:190} INFO - 
============================================================
[2025-11-04T02:22:36.805+0000] {logging_mixin.py:190} INFO - 💾 Saved evaluation report to: data/drift_reports/baseline_metrics.json
[2025-11-04T02:22:36.806+0000] {logging_mixin.py:190} INFO - 
✅ Baseline evaluation completed!
[2025-11-04T02:22:36.820+0000] {python.py:240} INFO - Done. Returned value was: None
[2025-11-04T02:22:36.826+0000] {taskinstance.py:340} INFO - ::group::Post task execution logs
[2025-11-04T02:22:36.827+0000] {taskinstance.py:352} INFO - Marking task as SUCCESS. dag_id=01_training_pipeline, task_id=evaluate_on_training, run_id=manual__2025-11-04T02:22:21.847012+00:00, execution_date=20251104T022221, start_date=20251104T022236, end_date=20251104T022236
[2025-11-04T02:22:36.875+0000] {local_task_job_runner.py:266} INFO - Task exited with return code 0
[2025-11-04T02:22:36.885+0000] {taskinstance.py:3895} INFO - 0 downstream tasks scheduled from follow-on schedule check
[2025-11-04T02:22:36.887+0000] {local_task_job_runner.py:245} INFO - ::endgroup::
