[2025-11-04T02:26:18.148+0000] {local_task_job_runner.py:123} INFO - ::group::Pre task execution logs
[2025-11-04T02:26:18.159+0000] {taskinstance.py:2613} INFO - Dependencies all met for dep_context=non-requeueable deps ti=<TaskInstance: 01_training_pipeline.load_training_data manual__2025-11-04T02:21:15.437183+00:00 [queued]>
[2025-11-04T02:26:18.164+0000] {taskinstance.py:2613} INFO - Dependencies all met for dep_context=requeueable deps ti=<TaskInstance: 01_training_pipeline.load_training_data manual__2025-11-04T02:21:15.437183+00:00 [queued]>
[2025-11-04T02:26:18.165+0000] {taskinstance.py:2866} INFO - Starting attempt 2 of 3
[2025-11-04T02:26:18.173+0000] {taskinstance.py:2889} INFO - Executing <Task(PythonOperator): load_training_data> on 2025-11-04 02:21:15.437183+00:00
[2025-11-04T02:26:18.179+0000] {standard_task_runner.py:72} INFO - Started process 3247 to run task
[2025-11-04T02:26:18.182+0000] {standard_task_runner.py:104} INFO - Running: ['***', 'tasks', 'run', '01_training_pipeline', 'load_training_data', 'manual__2025-11-04T02:21:15.437183+00:00', '--job-id', '31', '--raw', '--subdir', 'DAGS_FOLDER/01_training_pipeline.py', '--cfg-path', '/tmp/tmpeyhfj2yk']
[2025-11-04T02:26:18.184+0000] {standard_task_runner.py:105} INFO - Job 31: Subtask load_training_data
[2025-11-04T02:26:18.217+0000] {task_command.py:467} INFO - Running <TaskInstance: 01_training_pipeline.load_training_data manual__2025-11-04T02:21:15.437183+00:00 [running]> on host 1008f8fef9d0
[2025-11-04T02:26:18.275+0000] {taskinstance.py:3132} INFO - Exporting env vars: AIRFLOW_CTX_DAG_OWNER='mlops_team' AIRFLOW_CTX_DAG_ID='01_training_pipeline' AIRFLOW_CTX_TASK_ID='load_training_data' AIRFLOW_CTX_EXECUTION_DATE='2025-11-04T02:21:15.437183+00:00' AIRFLOW_CTX_TRY_NUMBER='2' AIRFLOW_CTX_DAG_RUN_ID='manual__2025-11-04T02:21:15.437183+00:00'
[2025-11-04T02:26:18.276+0000] {taskinstance.py:731} INFO - ::endgroup::
[2025-11-04T02:26:18.284+0000] {logging_mixin.py:190} INFO - ============================================================
[2025-11-04T02:26:18.285+0000] {logging_mixin.py:190} INFO - STEP 1: LOADING TRAINING DATA
[2025-11-04T02:26:18.286+0000] {logging_mixin.py:190} INFO - ============================================================
[2025-11-04T02:26:18.291+0000] {logging_mixin.py:190} INFO - 
📚 Loading training batches: [1, 2, 3, 4, 5, 6]
[2025-11-04T02:26:18.295+0000] {logging_mixin.py:190} INFO - 📄 Loading batch 1 from data/raw/batch1.dat
[2025-11-04T02:26:18.325+0000] {logging_mixin.py:190} INFO - ✅ Loaded 445 samples from batch 1
[2025-11-04T02:26:18.328+0000] {logging_mixin.py:190} INFO -    Class distribution: {1: 90, 2: 98, 3: 83, 4: 30, 5: 70, 6: 74}
[2025-11-04T02:26:18.331+0000] {logging_mixin.py:190} INFO - 📄 Loading batch 2 from data/raw/batch2.dat
[2025-11-04T02:26:18.403+0000] {logging_mixin.py:190} INFO - ✅ Loaded 1244 samples from batch 2
[2025-11-04T02:26:18.404+0000] {logging_mixin.py:190} INFO -    Class distribution: {1: 164, 2: 334, 3: 100, 4: 109, 5: 532, 6: 5}
[2025-11-04T02:26:18.409+0000] {logging_mixin.py:190} INFO - 📄 Loading batch 3 from data/raw/batch3.dat
[2025-11-04T02:26:18.512+0000] {logging_mixin.py:190} INFO - ✅ Loaded 1586 samples from batch 3
[2025-11-04T02:26:18.513+0000] {logging_mixin.py:190} INFO -    Class distribution: {1: 365, 2: 490, 3: 216, 4: 240, 5: 275}
[2025-11-04T02:26:18.519+0000] {logging_mixin.py:190} INFO - 📄 Loading batch 4 from data/raw/batch4.dat
[2025-11-04T02:26:18.532+0000] {logging_mixin.py:190} INFO - ✅ Loaded 161 samples from batch 4
[2025-11-04T02:26:18.533+0000] {logging_mixin.py:190} INFO -    Class distribution: {1: 64, 2: 43, 3: 12, 4: 30, 5: 12}
[2025-11-04T02:26:18.537+0000] {logging_mixin.py:190} INFO - 📄 Loading batch 5 from data/raw/batch5.dat
[2025-11-04T02:26:18.553+0000] {logging_mixin.py:190} INFO - ✅ Loaded 197 samples from batch 5
[2025-11-04T02:26:18.553+0000] {logging_mixin.py:190} INFO -    Class distribution: {1: 28, 2: 40, 3: 20, 4: 46, 5: 63}
[2025-11-04T02:26:18.556+0000] {logging_mixin.py:190} INFO - 📄 Loading batch 6 from data/raw/batch6.dat
[2025-11-04T02:26:18.707+0000] {logging_mixin.py:190} INFO - ✅ Loaded 2300 samples from batch 6
[2025-11-04T02:26:18.708+0000] {logging_mixin.py:190} INFO -    Class distribution: {1: 514, 2: 574, 3: 110, 4: 29, 5: 606, 6: 467}
[2025-11-04T02:26:18.713+0000] {logging_mixin.py:190} INFO - 
============================================================
[2025-11-04T02:26:18.713+0000] {logging_mixin.py:190} INFO - ✅ Combined 6 batches: [1, 2, 3, 4, 5, 6]
[2025-11-04T02:26:18.714+0000] {logging_mixin.py:190} INFO -    Total samples: 5933
[2025-11-04T02:26:18.714+0000] {logging_mixin.py:190} INFO -    Features: 128
[2025-11-04T02:26:18.715+0000] {logging_mixin.py:190} INFO -    Class distribution:
[2025-11-04T02:26:18.720+0000] {logging_mixin.py:190} INFO -       1 (Ethanol): 1225
[2025-11-04T02:26:18.724+0000] {logging_mixin.py:190} INFO -       2 (Ethylene): 1579
[2025-11-04T02:26:18.727+0000] {logging_mixin.py:190} INFO -       3 (Ammonia): 541
[2025-11-04T02:26:18.730+0000] {logging_mixin.py:190} INFO -       4 (Acetaldehyde): 484
[2025-11-04T02:26:18.734+0000] {logging_mixin.py:190} INFO -       5 (Acetone): 1558
[2025-11-04T02:26:18.737+0000] {logging_mixin.py:190} INFO -       6 (Toluene): 546
[2025-11-04T02:26:18.737+0000] {logging_mixin.py:190} INFO - ============================================================
[2025-11-04T02:26:19.110+0000] {logging_mixin.py:190} INFO - 
✅ Training data loaded successfully!
[2025-11-04T02:26:19.111+0000] {logging_mixin.py:190} INFO -    Shape: (5933, 130)
[2025-11-04T02:26:19.111+0000] {logging_mixin.py:190} INFO -    Saved to: data/processed/train_raw.csv
[2025-11-04T02:26:19.127+0000] {python.py:240} INFO - Done. Returned value was: None
[2025-11-04T02:26:19.132+0000] {taskinstance.py:340} INFO - ::group::Post task execution logs
[2025-11-04T02:26:19.133+0000] {taskinstance.py:352} INFO - Marking task as SUCCESS. dag_id=01_training_pipeline, task_id=load_training_data, run_id=manual__2025-11-04T02:21:15.437183+00:00, execution_date=20251104T022115, start_date=20251104T022618, end_date=20251104T022619
[2025-11-04T02:26:19.158+0000] {local_task_job_runner.py:266} INFO - Task exited with return code 0
[2025-11-04T02:26:19.170+0000] {taskinstance.py:3895} INFO - 0 downstream tasks scheduled from follow-on schedule check
[2025-11-04T02:26:19.172+0000] {local_task_job_runner.py:245} INFO - ::endgroup::
