[2025-11-04T02:24:00.123+0000] {local_task_job_runner.py:123} INFO - ::group::Pre task execution logs
[2025-11-04T02:24:00.134+0000] {taskinstance.py:2613} INFO - Dependencies all met for dep_context=non-requeueable deps ti=<TaskInstance: 01_training_pipeline.preprocess_data manual__2025-11-04T02:18:55.676294+00:00 [queued]>
[2025-11-04T02:24:00.138+0000] {taskinstance.py:2613} INFO - Dependencies all met for dep_context=requeueable deps ti=<TaskInstance: 01_training_pipeline.preprocess_data manual__2025-11-04T02:18:55.676294+00:00 [queued]>
[2025-11-04T02:24:00.139+0000] {taskinstance.py:2866} INFO - Starting attempt 1 of 3
[2025-11-04T02:24:00.147+0000] {taskinstance.py:2889} INFO - Executing <Task(PythonOperator): preprocess_data> on 2025-11-04 02:18:55.676294+00:00
[2025-11-04T02:24:00.153+0000] {standard_task_runner.py:72} INFO - Started process 2390 to run task
[2025-11-04T02:24:00.156+0000] {standard_task_runner.py:104} INFO - Running: ['***', 'tasks', 'run', '01_training_pipeline', 'preprocess_data', 'manual__2025-11-04T02:18:55.676294+00:00', '--job-id', '23', '--raw', '--subdir', 'DAGS_FOLDER/01_training_pipeline.py', '--cfg-path', '/tmp/tmp4ag94uyw']
[2025-11-04T02:24:00.159+0000] {standard_task_runner.py:105} INFO - Job 23: Subtask preprocess_data
[2025-11-04T02:24:00.195+0000] {task_command.py:467} INFO - Running <TaskInstance: 01_training_pipeline.preprocess_data manual__2025-11-04T02:18:55.676294+00:00 [running]> on host 1008f8fef9d0
[2025-11-04T02:24:00.247+0000] {taskinstance.py:3132} INFO - Exporting env vars: AIRFLOW_CTX_DAG_OWNER='mlops_team' AIRFLOW_CTX_DAG_ID='01_training_pipeline' AIRFLOW_CTX_TASK_ID='preprocess_data' AIRFLOW_CTX_EXECUTION_DATE='2025-11-04T02:18:55.676294+00:00' AIRFLOW_CTX_TRY_NUMBER='1' AIRFLOW_CTX_DAG_RUN_ID='manual__2025-11-04T02:18:55.676294+00:00'
[2025-11-04T02:24:00.248+0000] {taskinstance.py:731} INFO - ::endgroup::
[2025-11-04T02:24:00.255+0000] {logging_mixin.py:190} INFO - ============================================================
[2025-11-04T02:24:00.256+0000] {logging_mixin.py:190} INFO - STEP 3: PREPROCESSING DATA
[2025-11-04T02:24:00.256+0000] {logging_mixin.py:190} INFO - ============================================================
[2025-11-04T02:24:00.261+0000] {logging_mixin.py:190} INFO - 
============================================================
[2025-11-04T02:24:00.261+0000] {logging_mixin.py:190} INFO - 🚀 STARTING PREPROCESSING PIPELINE
[2025-11-04T02:24:00.261+0000] {logging_mixin.py:190} INFO - ============================================================
[2025-11-04T02:24:00.261+0000] {logging_mixin.py:190} INFO - ============================================================
[2025-11-04T02:24:00.262+0000] {logging_mixin.py:190} INFO - 📦 PREPARING TRAIN-TEST SPLIT
[2025-11-04T02:24:00.262+0000] {logging_mixin.py:190} INFO - ============================================================
[2025-11-04T02:24:00.262+0000] {logging_mixin.py:190} INFO - 
📚 Loading training batches: [1, 2, 3, 4, 5, 6]
[2025-11-04T02:24:00.265+0000] {logging_mixin.py:190} INFO - 📄 Loading batch 1 from data/raw/batch1.dat
[2025-11-04T02:24:00.296+0000] {logging_mixin.py:190} INFO - ✅ Loaded 445 samples from batch 1
[2025-11-04T02:24:00.299+0000] {logging_mixin.py:190} INFO -    Class distribution: {1: 90, 2: 98, 3: 83, 4: 30, 5: 70, 6: 74}
[2025-11-04T02:24:00.303+0000] {logging_mixin.py:190} INFO - 📄 Loading batch 2 from data/raw/batch2.dat
[2025-11-04T02:24:00.380+0000] {logging_mixin.py:190} INFO - ✅ Loaded 1244 samples from batch 2
[2025-11-04T02:24:00.381+0000] {logging_mixin.py:190} INFO -    Class distribution: {1: 164, 2: 334, 3: 100, 4: 109, 5: 532, 6: 5}
[2025-11-04T02:24:00.385+0000] {logging_mixin.py:190} INFO - 📄 Loading batch 3 from data/raw/batch3.dat
[2025-11-04T02:24:00.473+0000] {logging_mixin.py:190} INFO - ✅ Loaded 1586 samples from batch 3
[2025-11-04T02:24:00.475+0000] {logging_mixin.py:190} INFO -    Class distribution: {1: 365, 2: 490, 3: 216, 4: 240, 5: 275}
[2025-11-04T02:24:00.479+0000] {logging_mixin.py:190} INFO - 📄 Loading batch 4 from data/raw/batch4.dat
[2025-11-04T02:24:00.489+0000] {logging_mixin.py:190} INFO - ✅ Loaded 161 samples from batch 4
[2025-11-04T02:24:00.490+0000] {logging_mixin.py:190} INFO -    Class distribution: {1: 64, 2: 43, 3: 12, 4: 30, 5: 12}
[2025-11-04T02:24:00.494+0000] {logging_mixin.py:190} INFO - 📄 Loading batch 5 from data/raw/batch5.dat
[2025-11-04T02:24:00.506+0000] {logging_mixin.py:190} INFO - ✅ Loaded 197 samples from batch 5
[2025-11-04T02:24:00.507+0000] {logging_mixin.py:190} INFO -    Class distribution: {1: 28, 2: 40, 3: 20, 4: 46, 5: 63}
[2025-11-04T02:24:00.511+0000] {logging_mixin.py:190} INFO - 📄 Loading batch 6 from data/raw/batch6.dat
[2025-11-04T02:24:00.641+0000] {logging_mixin.py:190} INFO - ✅ Loaded 2300 samples from batch 6
[2025-11-04T02:24:00.642+0000] {logging_mixin.py:190} INFO -    Class distribution: {1: 514, 2: 574, 3: 110, 4: 29, 5: 606, 6: 467}
[2025-11-04T02:24:00.647+0000] {logging_mixin.py:190} INFO - 
============================================================
[2025-11-04T02:24:00.648+0000] {logging_mixin.py:190} INFO - ✅ Combined 6 batches: [1, 2, 3, 4, 5, 6]
[2025-11-04T02:24:00.648+0000] {logging_mixin.py:190} INFO -    Total samples: 5933
[2025-11-04T02:24:00.648+0000] {logging_mixin.py:190} INFO -    Features: 128
[2025-11-04T02:24:00.648+0000] {logging_mixin.py:190} INFO -    Class distribution:
[2025-11-04T02:24:00.651+0000] {logging_mixin.py:190} INFO -       1 (Ethanol): 1225
[2025-11-04T02:24:00.654+0000] {logging_mixin.py:190} INFO -       2 (Ethylene): 1579
[2025-11-04T02:24:00.657+0000] {logging_mixin.py:190} INFO -       3 (Ammonia): 541
[2025-11-04T02:24:00.661+0000] {logging_mixin.py:190} INFO -       4 (Acetaldehyde): 484
[2025-11-04T02:24:00.664+0000] {logging_mixin.py:190} INFO -       5 (Acetone): 1558
[2025-11-04T02:24:00.666+0000] {logging_mixin.py:190} INFO -       6 (Toluene): 546
[2025-11-04T02:24:00.666+0000] {logging_mixin.py:190} INFO - ============================================================
[2025-11-04T02:24:00.667+0000] {logging_mixin.py:190} INFO - 🔍 Validating data...
[2025-11-04T02:24:00.669+0000] {logging_mixin.py:190} INFO - ✅ No missing values found
[2025-11-04T02:24:00.674+0000] {logging_mixin.py:190} INFO - ✅ No infinite values found
[2025-11-04T02:24:00.676+0000] {logging_mixin.py:190} INFO - ✅ All class labels are valid
[2025-11-04T02:24:00.676+0000] {logging_mixin.py:190} INFO - ✅ Data validation complete: 5933 rows
[2025-11-04T02:24:00.677+0000] {logging_mixin.py:190} INFO - 
🧪 Loading test batches: [7, 8, 9, 10]
[2025-11-04T02:24:00.680+0000] {logging_mixin.py:190} INFO - 📄 Loading batch 7 from data/raw/batch7.dat
[2025-11-04T02:24:00.931+0000] {logging_mixin.py:190} INFO - ✅ Loaded 3613 samples from batch 7
[2025-11-04T02:24:00.932+0000] {logging_mixin.py:190} INFO -    Class distribution: {1: 649, 2: 662, 3: 360, 4: 744, 5: 630, 6: 568}
[2025-11-04T02:24:00.937+0000] {logging_mixin.py:190} INFO - 📄 Loading batch 8 from data/raw/batch8.dat
[2025-11-04T02:24:00.962+0000] {logging_mixin.py:190} INFO - ✅ Loaded 294 samples from batch 8
[2025-11-04T02:24:00.963+0000] {logging_mixin.py:190} INFO -    Class distribution: {1: 30, 2: 30, 3: 40, 4: 33, 5: 143, 6: 18}
[2025-11-04T02:24:00.968+0000] {logging_mixin.py:190} INFO - 📄 Loading batch 9 from data/raw/batch9.dat
[2025-11-04T02:24:01.000+0000] {logging_mixin.py:190} INFO - ✅ Loaded 470 samples from batch 9
[2025-11-04T02:24:01.001+0000] {logging_mixin.py:190} INFO -    Class distribution: {1: 61, 2: 55, 3: 100, 4: 75, 5: 78, 6: 101}
[2025-11-04T02:24:01.006+0000] {logging_mixin.py:190} INFO - 📄 Loading batch 10 from data/raw/batch10.dat
[2025-11-04T02:24:01.242+0000] {logging_mixin.py:190} INFO - ✅ Loaded 3600 samples from batch 10
[2025-11-04T02:24:01.244+0000] {logging_mixin.py:190} INFO -    Class distribution: {1: 600, 2: 600, 3: 600, 4: 600, 5: 600, 6: 600}
[2025-11-04T02:24:01.249+0000] {logging_mixin.py:190} INFO - 
============================================================
[2025-11-04T02:24:01.250+0000] {logging_mixin.py:190} INFO - ✅ Combined 4 batches: [7, 8, 9, 10]
[2025-11-04T02:24:01.250+0000] {logging_mixin.py:190} INFO -    Total samples: 7977
[2025-11-04T02:24:01.251+0000] {logging_mixin.py:190} INFO -    Features: 128
[2025-11-04T02:24:01.251+0000] {logging_mixin.py:190} INFO -    Class distribution:
[2025-11-04T02:24:01.257+0000] {logging_mixin.py:190} INFO -       1 (Ethanol): 1340
[2025-11-04T02:24:01.260+0000] {logging_mixin.py:190} INFO -       2 (Ethylene): 1347
[2025-11-04T02:24:01.263+0000] {logging_mixin.py:190} INFO -       3 (Ammonia): 1100
[2025-11-04T02:24:01.268+0000] {logging_mixin.py:190} INFO -       4 (Acetaldehyde): 1452
[2025-11-04T02:24:01.271+0000] {logging_mixin.py:190} INFO -       5 (Acetone): 1451
[2025-11-04T02:24:01.274+0000] {logging_mixin.py:190} INFO -       6 (Toluene): 1287
[2025-11-04T02:24:01.274+0000] {logging_mixin.py:190} INFO - ============================================================
[2025-11-04T02:24:01.275+0000] {logging_mixin.py:190} INFO - 🔍 Validating data...
[2025-11-04T02:24:01.276+0000] {logging_mixin.py:190} INFO - ✅ No missing values found
[2025-11-04T02:24:01.279+0000] {logging_mixin.py:190} INFO - ✅ No infinite values found
[2025-11-04T02:24:01.280+0000] {logging_mixin.py:190} INFO - ✅ All class labels are valid
[2025-11-04T02:24:01.281+0000] {logging_mixin.py:190} INFO - ✅ Data validation complete: 7977 rows
[2025-11-04T02:24:01.281+0000] {logging_mixin.py:190} INFO - 
============================================================
[2025-11-04T02:24:01.281+0000] {logging_mixin.py:190} INFO - ✅ TRAIN-TEST SPLIT COMPLETE
[2025-11-04T02:24:01.282+0000] {logging_mixin.py:190} INFO -    Training samples: 5933
[2025-11-04T02:24:01.282+0000] {logging_mixin.py:190} INFO -    Test samples: 7977
[2025-11-04T02:24:01.283+0000] {logging_mixin.py:190} INFO - ============================================================
[2025-11-04T02:24:02.206+0000] {logging_mixin.py:190} INFO - 💾 Saved raw processed data to data/processed/
[2025-11-04T02:24:02.207+0000] {logging_mixin.py:190} INFO - 
📊 Training data feature statistics:
[2025-11-04T02:24:02.231+0000] {logging_mixin.py:190} INFO -                    mean           std          min            max        median
feature_1  76992.228277  86190.638660 -16757.59860  670687.347700  53662.517900
feature_2      8.171635     19.210497      0.45577    1339.879283      5.584435
feature_3     19.714054     21.457096      0.00010     167.079751     13.777117
feature_4     28.395520     29.689264      0.00010     226.619457     21.701937
feature_5     36.249164     39.525635      0.00010     993.605306     28.873493
[2025-11-04T02:24:02.235+0000] {logging_mixin.py:190} INFO - ⚙️ Scaling features to [-1, 1] range...
[2025-11-04T02:24:02.248+0000] {logging_mixin.py:190} INFO - ✅ Scaled 128 features
[2025-11-04T02:24:02.249+0000] {logging_mixin.py:190} INFO -    Sample feature ranges after scaling:
[2025-11-04T02:24:02.249+0000] {logging_mixin.py:190} INFO -       feature_1: [-1.000, 1.000]
[2025-11-04T02:24:02.250+0000] {logging_mixin.py:190} INFO -       feature_2: [-1.000, 1.000]
[2025-11-04T02:24:02.251+0000] {logging_mixin.py:190} INFO -       feature_3: [-1.000, 1.000]
[2025-11-04T02:24:02.268+0000] {logging_mixin.py:190} INFO - ✅ Applied scaling to test data (7977 samples)
[2025-11-04T02:24:02.270+0000] {logging_mixin.py:190} INFO - 💾 Saved scaler to: models/scaler.pkl
[2025-11-04T02:24:03.678+0000] {logging_mixin.py:190} INFO - 💾 Saved scaled data to data/processed/
[2025-11-04T02:24:03.678+0000] {logging_mixin.py:190} INFO - 
============================================================
[2025-11-04T02:24:03.679+0000] {logging_mixin.py:190} INFO - ✅ PREPROCESSING PIPELINE COMPLETE
[2025-11-04T02:24:03.679+0000] {logging_mixin.py:190} INFO - ============================================================
[2025-11-04T02:24:03.680+0000] {logging_mixin.py:190} INFO - 
✅ Preprocessing completed successfully!
[2025-11-04T02:24:03.690+0000] {python.py:240} INFO - Done. Returned value was: None
[2025-11-04T02:24:03.696+0000] {taskinstance.py:340} INFO - ::group::Post task execution logs
[2025-11-04T02:24:03.696+0000] {taskinstance.py:352} INFO - Marking task as SUCCESS. dag_id=01_training_pipeline, task_id=preprocess_data, run_id=manual__2025-11-04T02:18:55.676294+00:00, execution_date=20251104T021855, start_date=20251104T022400, end_date=20251104T022403
[2025-11-04T02:24:03.749+0000] {local_task_job_runner.py:266} INFO - Task exited with return code 0
[2025-11-04T02:24:03.763+0000] {taskinstance.py:3895} INFO - 1 downstream tasks scheduled from follow-on schedule check
[2025-11-04T02:24:03.765+0000] {local_task_job_runner.py:245} INFO - ::endgroup::
