[2025-11-04T02:26:05.093+0000] {local_task_job_runner.py:123} INFO - ::group::Pre task execution logs
[2025-11-04T02:26:05.103+0000] {taskinstance.py:2613} INFO - Dependencies all met for dep_context=non-requeueable deps ti=<TaskInstance: 02_monitoring_pipeline.monitor_batch_7 manual__2025-11-04T02:24:00.728154+00:00 [queued]>
[2025-11-04T02:26:05.108+0000] {taskinstance.py:2613} INFO - Dependencies all met for dep_context=requeueable deps ti=<TaskInstance: 02_monitoring_pipeline.monitor_batch_7 manual__2025-11-04T02:24:00.728154+00:00 [queued]>
[2025-11-04T02:26:05.109+0000] {taskinstance.py:2866} INFO - Starting attempt 2 of 2
[2025-11-04T02:26:05.116+0000] {taskinstance.py:2889} INFO - Executing <Task(PythonOperator): monitor_batch_7> on 2025-11-04 02:24:00.728154+00:00
[2025-11-04T02:26:05.123+0000] {standard_task_runner.py:72} INFO - Started process 3165 to run task
[2025-11-04T02:26:05.126+0000] {standard_task_runner.py:104} INFO - Running: ['***', 'tasks', 'run', '02_monitoring_pipeline', 'monitor_batch_7', 'manual__2025-11-04T02:24:00.728154+00:00', '--job-id', '30', '--raw', '--subdir', 'DAGS_FOLDER/02_monitoring_pipeline.py', '--cfg-path', '/tmp/tmp5r5t9dt4']
[2025-11-04T02:26:05.128+0000] {standard_task_runner.py:105} INFO - Job 30: Subtask monitor_batch_7
[2025-11-04T02:26:05.161+0000] {task_command.py:467} INFO - Running <TaskInstance: 02_monitoring_pipeline.monitor_batch_7 manual__2025-11-04T02:24:00.728154+00:00 [running]> on host 1008f8fef9d0
[2025-11-04T02:26:05.207+0000] {taskinstance.py:3132} INFO - Exporting env vars: AIRFLOW_CTX_DAG_OWNER='mlops_team' AIRFLOW_CTX_DAG_ID='02_monitoring_pipeline' AIRFLOW_CTX_TASK_ID='monitor_batch_7' AIRFLOW_CTX_EXECUTION_DATE='2025-11-04T02:24:00.728154+00:00' AIRFLOW_CTX_TRY_NUMBER='2' AIRFLOW_CTX_DAG_RUN_ID='manual__2025-11-04T02:24:00.728154+00:00'
[2025-11-04T02:26:05.208+0000] {taskinstance.py:731} INFO - ::endgroup::
[2025-11-04T02:26:05.215+0000] {logging_mixin.py:190} INFO - 
================================================================================
[2025-11-04T02:26:05.216+0000] {logging_mixin.py:190} INFO - 🔍 MONITORING BATCH 7
[2025-11-04T02:26:05.217+0000] {logging_mixin.py:190} INFO - ================================================================================
[2025-11-04T02:26:05.220+0000] {logging_mixin.py:190} INFO - 📥 Step 1: Loading Batch 7 data...
[2025-11-04T02:26:05.224+0000] {logging_mixin.py:190} INFO - 📄 Loading batch 7 from data/raw/batch7.dat
[2025-11-04T02:26:05.459+0000] {logging_mixin.py:190} INFO - ✅ Loaded 3613 samples from batch 7
[2025-11-04T02:26:05.461+0000] {logging_mixin.py:190} INFO -    Class distribution: {1: 649, 2: 662, 3: 360, 4: 744, 5: 630, 6: 568}
[2025-11-04T02:26:05.462+0000] {logging_mixin.py:190} INFO - 
🤖 Step 2: Loading trained model and scaler...
[2025-11-04T02:26:05.484+0000] {logging_mixin.py:190} INFO - 📂 Loaded model from: models/latest_model.pkl
[2025-11-04T02:26:05.486+0000] {logging_mixin.py:190} INFO - 📂 Loaded metadata from: models/latest_model_metadata.json
[2025-11-04T02:26:05.488+0000] {logging_mixin.py:190} INFO - 
⚙️ Step 3: Scaling features...
[2025-11-04T02:26:05.497+0000] {logging_mixin.py:190} INFO - 
📊 Step 4: Loading baseline metrics...
[2025-11-04T02:26:05.500+0000] {logging_mixin.py:190} INFO - 
📚 Step 5: Loading reference (training) data...
[2025-11-04T02:26:05.676+0000] {logging_mixin.py:190} INFO - 
🎯 Step 6: Evaluating model on Batch 7...
[2025-11-04T02:26:05.686+0000] {logging_mixin.py:190} WARNING - /home/***/.local/lib/python3.11/site-packages/sklearn/ensemble/_base.py:168 UserWarning: Loky-backed parallel loops cannot be called in a multiprocessing, setting n_jobs=1
[2025-11-04T02:26:05.697+0000] {logging_mixin.py:190} WARNING - /home/***/.local/lib/python3.11/site-packages/sklearn/ensemble/_base.py:168 UserWarning: Loky-backed parallel loops cannot be called in a multiprocessing, setting n_jobs=1
[2025-11-04T02:26:05.731+0000] {logging_mixin.py:190} INFO - 
============================================================
[2025-11-04T02:26:05.732+0000] {logging_mixin.py:190} INFO - 📊 EVALUATION RESULTS - BATCH 7
[2025-11-04T02:26:05.732+0000] {logging_mixin.py:190} INFO - ============================================================
[2025-11-04T02:26:05.732+0000] {logging_mixin.py:190} INFO - 
📈 Overall Metrics:
[2025-11-04T02:26:05.733+0000] {logging_mixin.py:190} INFO -    Samples:         3613
[2025-11-04T02:26:05.733+0000] {logging_mixin.py:190} INFO -    Accuracy:        0.7429
[2025-11-04T02:26:05.733+0000] {logging_mixin.py:190} INFO -    Precision (macro): 0.7756
[2025-11-04T02:26:05.733+0000] {logging_mixin.py:190} INFO -    Recall (macro):    0.7513
[2025-11-04T02:26:05.734+0000] {logging_mixin.py:190} INFO -    F1-Score (macro):  0.7113
[2025-11-04T02:26:05.734+0000] {logging_mixin.py:190} INFO - 
🎯 Per-Class Performance:
[2025-11-04T02:26:05.734+0000] {logging_mixin.py:190} INFO -    Class Name            Precision  Recall     F1-Score   Support   
[2025-11-04T02:26:05.735+0000] {logging_mixin.py:190} INFO -    ----------------------------------------------------------------------
[2025-11-04T02:26:05.735+0000] {logging_mixin.py:190} INFO -    1     Ethanol         0.9039     1.0000     0.9495     649       
[2025-11-04T02:26:05.735+0000] {logging_mixin.py:190} INFO -    2     Ethylene        0.7104     0.9970     0.8297     662       
[2025-11-04T02:26:05.735+0000] {logging_mixin.py:190} INFO -    3     Ammonia         0.7669     0.6944     0.7289     360       
[2025-11-04T02:26:05.736+0000] {logging_mixin.py:190} INFO -    4     Acetaldehyde    0.8808     0.1788     0.2972     744       
[2025-11-04T02:26:05.736+0000] {logging_mixin.py:190} INFO -    5     Acetone         0.6161     0.9984     0.7620     630       
[2025-11-04T02:26:05.736+0000] {logging_mixin.py:190} INFO -    6     Toluene         0.7756     0.6391     0.7008     568       
[2025-11-04T02:26:05.737+0000] {logging_mixin.py:190} INFO - 
🔮 Prediction Confidence:
[2025-11-04T02:26:05.737+0000] {logging_mixin.py:190} INFO -    Mean:   0.6275
[2025-11-04T02:26:05.737+0000] {logging_mixin.py:190} INFO -    Median: 0.6127
[2025-11-04T02:26:05.737+0000] {logging_mixin.py:190} INFO -    Std:    0.2339
[2025-11-04T02:26:05.738+0000] {logging_mixin.py:190} INFO -    Range:  [0.2087, 1.0000]
[2025-11-04T02:26:05.738+0000] {logging_mixin.py:190} INFO - 
❌ Misclassification Analysis:
[2025-11-04T02:26:05.739+0000] {logging_mixin.py:190} INFO -    Misclassified: 929 (25.71%)
[2025-11-04T02:26:05.740+0000] {logging_mixin.py:190} INFO -    Low Confidence (<0.6): 1771
[2025-11-04T02:26:05.740+0000] {logging_mixin.py:190} INFO - 
============================================================
[2025-11-04T02:26:05.744+0000] {logging_mixin.py:190} INFO - 💾 Saved evaluation report to: data/drift_reports/batch7_evaluation.json
[2025-11-04T02:26:05.745+0000] {logging_mixin.py:190} INFO - 
📈 Step 7: Comparing performance with baseline...
[2025-11-04T02:26:05.745+0000] {logging_mixin.py:190} INFO - 
============================================================
[2025-11-04T02:26:05.745+0000] {logging_mixin.py:190} INFO - 📊 COMPARISON: Training (Baseline) vs Batch 7
[2025-11-04T02:26:05.745+0000] {logging_mixin.py:190} INFO - ============================================================
[2025-11-04T02:26:05.746+0000] {logging_mixin.py:190} INFO - 
📈 Overall Metric Changes:
[2025-11-04T02:26:05.746+0000] {logging_mixin.py:190} INFO -    Accuracy:             -25.58%
[2025-11-04T02:26:05.746+0000] {logging_mixin.py:190} INFO -    F1-Score (macro):     -28.70%
[2025-11-04T02:26:05.747+0000] {logging_mixin.py:190} INFO -    Confidence (mean):    -0.3539
[2025-11-04T02:26:05.747+0000] {logging_mixin.py:190} INFO -    Misclassif. Rate:     +25.58%
[2025-11-04T02:26:05.750+0000] {logging_mixin.py:190} INFO - 
⚠️ Performance Degradation Alerts:
[2025-11-04T02:26:05.750+0000] {logging_mixin.py:190} INFO -    🔴 Accuracy dropped by 25.58% (threshold: 5.0%)
[2025-11-04T02:26:05.751+0000] {logging_mixin.py:190} INFO -    🔴 F1-Score dropped by 28.70% (threshold: 5.0%)
[2025-11-04T02:26:05.751+0000] {logging_mixin.py:190} INFO - 
============================================================
[2025-11-04T02:26:05.751+0000] {logging_mixin.py:190} INFO - 
🔬 Step 8: Detecting statistical drift...
[2025-11-04T02:26:05.755+0000] {logging_mixin.py:190} INFO - 
============================================================
[2025-11-04T02:26:05.756+0000] {logging_mixin.py:190} INFO - 🔬 COMPREHENSIVE DRIFT ANALYSIS - BATCH 7
[2025-11-04T02:26:05.756+0000] {logging_mixin.py:190} INFO - ============================================================
[2025-11-04T02:26:05.761+0000] {logging_mixin.py:190} INFO - 
🔍 Detecting drift in 20 features...
[2025-11-04T02:26:06.837+0000] {logging_mixin.py:190} INFO - 
🏷️ Detecting label distribution drift...
[2025-11-04T02:26:06.840+0000] {logging_mixin.py:190} INFO -    Chi-square p-value: 0.0000
[2025-11-04T02:26:06.843+0000] {logging_mixin.py:190} INFO -    KL Divergence: 0.1189
[2025-11-04T02:26:06.843+0000] {logging_mixin.py:190} INFO -    PSI: 0.2216
[2025-11-04T02:26:06.844+0000] {logging_mixin.py:190} INFO -    Drift detected: Yes
[2025-11-04T02:26:06.844+0000] {logging_mixin.py:190} INFO - 
============================================================
[2025-11-04T02:26:06.845+0000] {logging_mixin.py:190} INFO - 🔍 STATISTICAL DRIFT DETECTION - BATCH 7
[2025-11-04T02:26:06.845+0000] {logging_mixin.py:190} INFO - ============================================================
[2025-11-04T02:26:06.845+0000] {logging_mixin.py:190} INFO - 
📊 Drift Detection Summary:
[2025-11-04T02:26:06.846+0000] {logging_mixin.py:190} INFO -    Features Tested: 20
[2025-11-04T02:26:06.846+0000] {logging_mixin.py:190} INFO -    Total Features with Drift: 20
[2025-11-04T02:26:06.847+0000] {logging_mixin.py:190} INFO -    - PSI Drift:          17
[2025-11-04T02:26:06.847+0000] {logging_mixin.py:190} INFO -    - KS Test Drift:      20
[2025-11-04T02:26:06.847+0000] {logging_mixin.py:190} INFO -    - Wasserstein Drift:  0
[2025-11-04T02:26:06.848+0000] {logging_mixin.py:190} INFO - 
⚠️ DRIFT DETECTED!
[2025-11-04T02:26:06.848+0000] {logging_mixin.py:190} INFO - 
   Top Drifted Features (by PSI):
[2025-11-04T02:26:06.848+0000] {logging_mixin.py:190} INFO -        1. feature_80: PSI=4.9259, KS_p=0.0000, Wass=0.0511
[2025-11-04T02:26:06.849+0000] {logging_mixin.py:190} INFO -        2. feature_69: PSI=2.8538, KS_p=0.0000, Wass=0.0454
[2025-11-04T02:26:06.849+0000] {logging_mixin.py:190} INFO -        3. feature_16: PSI=2.8291, KS_p=0.0000, Wass=0.0553
[2025-11-04T02:26:06.849+0000] {logging_mixin.py:190} INFO -        4. feature_72: PSI=2.5994, KS_p=0.0000, Wass=0.0325
[2025-11-04T02:26:06.850+0000] {logging_mixin.py:190} INFO -        5. feature_44: PSI=2.4011, KS_p=0.0000, Wass=0.0176
[2025-11-04T02:26:06.850+0000] {logging_mixin.py:190} INFO -        6. feature_9: PSI=2.3845, KS_p=0.0000, Wass=0.0993
[2025-11-04T02:26:06.851+0000] {logging_mixin.py:190} INFO -        7. feature_71: PSI=2.2750, KS_p=0.0000, Wass=0.0585
[2025-11-04T02:26:06.851+0000] {logging_mixin.py:190} INFO -        8. feature_14: PSI=2.2718, KS_p=0.0000, Wass=0.0986
[2025-11-04T02:26:06.851+0000] {logging_mixin.py:190} INFO -        9. feature_6: PSI=1.3549, KS_p=0.0000, Wass=0.1606
[2025-11-04T02:26:06.852+0000] {logging_mixin.py:190} INFO -       10. feature_8: PSI=1.2607, KS_p=0.0000, Wass=0.0963
[2025-11-04T02:26:06.852+0000] {logging_mixin.py:190} INFO - 
============================================================
[2025-11-04T02:26:06.857+0000] {taskinstance.py:3311} ERROR - Task failed with exception
Traceback (most recent call last):
  File "/home/airflow/.local/lib/python3.11/site-packages/airflow/models/taskinstance.py", line 767, in _execute_task
    result = _execute_callable(context=context, **execute_callable_kwargs)
             ^^^^^^^^^^^^^^^^^^^^^^^^^^^^^^^^^^^^^^^^^^^^^^^^^^^^^^^^^^^^^
  File "/home/airflow/.local/lib/python3.11/site-packages/airflow/models/taskinstance.py", line 733, in _execute_callable
    return ExecutionCallableRunner(
           ^^^^^^^^^^^^^^^^^^^^^^^^
  File "/home/airflow/.local/lib/python3.11/site-packages/airflow/utils/operator_helpers.py", line 252, in run
    return self.func(*args, **kwargs)
           ^^^^^^^^^^^^^^^^^^^^^^^^^^
  File "/home/airflow/.local/lib/python3.11/site-packages/airflow/models/baseoperator.py", line 422, in wrapper
    return func(self, *args, **kwargs)
           ^^^^^^^^^^^^^^^^^^^^^^^^^^^
  File "/home/airflow/.local/lib/python3.11/site-packages/airflow/operators/python.py", line 238, in execute
    return_value = self.execute_callable()
                   ^^^^^^^^^^^^^^^^^^^^^^^
  File "/home/airflow/.local/lib/python3.11/site-packages/airflow/operators/python.py", line 256, in execute_callable
    return runner.run(*self.op_args, **self.op_kwargs)
           ^^^^^^^^^^^^^^^^^^^^^^^^^^^^^^^^^^^^^^^^^^^
  File "/home/airflow/.local/lib/python3.11/site-packages/airflow/utils/operator_helpers.py", line 252, in run
    return self.func(*args, **kwargs)
           ^^^^^^^^^^^^^^^^^^^^^^^^^^
  File "/opt/airflow/dags/02_monitoring_pipeline.py", line 178, in monitor_batch_7
    return monitor_batch(7, **context)
           ^^^^^^^^^^^^^^^^^^^^^^^^^^^
  File "/opt/airflow/dags/02_monitoring_pipeline.py", line 116, in monitor_batch
    drift_report_path = save_drift_report(drift_analysis)
                        ^^^^^^^^^^^^^^^^^^^^^^^^^^^^^^^^^
  File "/opt/airflow/src/drift/statistical_test.py", line 364, in save_drift_report
    json.dump(drift_analysis, f, indent=2)
  File "/usr/local/lib/python3.11/json/__init__.py", line 179, in dump
    for chunk in iterable:
  File "/usr/local/lib/python3.11/json/encoder.py", line 432, in _iterencode
    yield from _iterencode_dict(o, _current_indent_level)
  File "/usr/local/lib/python3.11/json/encoder.py", line 406, in _iterencode_dict
    yield from chunks
  File "/usr/local/lib/python3.11/json/encoder.py", line 406, in _iterencode_dict
    yield from chunks
  File "/usr/local/lib/python3.11/json/encoder.py", line 406, in _iterencode_dict
    yield from chunks
  [Previous line repeated 1 more time]
  File "/usr/local/lib/python3.11/json/encoder.py", line 439, in _iterencode
    o = _default(o)
        ^^^^^^^^^^^
  File "/usr/local/lib/python3.11/json/encoder.py", line 180, in default
    raise TypeError(f'Object of type {o.__class__.__name__} '
TypeError: Object of type bool_ is not JSON serializable
[2025-11-04T02:26:06.867+0000] {taskinstance.py:1225} INFO - Marking task as FAILED. dag_id=02_monitoring_pipeline, task_id=monitor_batch_7, run_id=manual__2025-11-04T02:24:00.728154+00:00, execution_date=20251104T022400, start_date=20251104T022605, end_date=20251104T022606
[2025-11-04T02:26:06.873+0000] {taskinstance.py:340} INFO - ::group::Post task execution logs
[2025-11-04T02:26:06.874+0000] {standard_task_runner.py:124} ERROR - Failed to execute job 30 for task monitor_batch_7 (Object of type bool_ is not JSON serializable; 3165)
Traceback (most recent call last):
  File "/home/airflow/.local/lib/python3.11/site-packages/airflow/task/task_runner/standard_task_runner.py", line 117, in _start_by_fork
    ret = args.func(args, dag=self.dag)
          ^^^^^^^^^^^^^^^^^^^^^^^^^^^^^
  File "/home/airflow/.local/lib/python3.11/site-packages/airflow/cli/cli_config.py", line 49, in command
    return func(*args, **kwargs)
           ^^^^^^^^^^^^^^^^^^^^^
  File "/home/airflow/.local/lib/python3.11/site-packages/airflow/utils/cli.py", line 116, in wrapper
    return f(*args, **kwargs)
           ^^^^^^^^^^^^^^^^^^
  File "/home/airflow/.local/lib/python3.11/site-packages/airflow/cli/commands/task_command.py", line 483, in task_run
    task_return_code = _run_task_by_selected_method(args, _dag, ti)
                       ^^^^^^^^^^^^^^^^^^^^^^^^^^^^^^^^^^^^^^^^^^^^
  File "/home/airflow/.local/lib/python3.11/site-packages/airflow/cli/commands/task_command.py", line 256, in _run_task_by_selected_method
    return _run_raw_task(args, ti)
           ^^^^^^^^^^^^^^^^^^^^^^^
  File "/home/airflow/.local/lib/python3.11/site-packages/airflow/cli/commands/task_command.py", line 341, in _run_raw_task
    return ti._run_raw_task(
           ^^^^^^^^^^^^^^^^^
  File "/home/airflow/.local/lib/python3.11/site-packages/airflow/utils/session.py", line 97, in wrapper
    return func(*args, session=session, **kwargs)
           ^^^^^^^^^^^^^^^^^^^^^^^^^^^^^^^^^^^^^^
  File "/home/airflow/.local/lib/python3.11/site-packages/airflow/models/taskinstance.py", line 3005, in _run_raw_task
    return _run_raw_task(
           ^^^^^^^^^^^^^^
  File "/home/airflow/.local/lib/python3.11/site-packages/airflow/models/taskinstance.py", line 273, in _run_raw_task
    TaskInstance._execute_task_with_callbacks(
  File "/home/airflow/.local/lib/python3.11/site-packages/airflow/models/taskinstance.py", line 3159, in _execute_task_with_callbacks
    result = self._execute_task(context, task_orig)
             ^^^^^^^^^^^^^^^^^^^^^^^^^^^^^^^^^^^^^^
  File "/home/airflow/.local/lib/python3.11/site-packages/airflow/models/taskinstance.py", line 3183, in _execute_task
    return _execute_task(self, context, task_orig)
           ^^^^^^^^^^^^^^^^^^^^^^^^^^^^^^^^^^^^^^^
  File "/home/airflow/.local/lib/python3.11/site-packages/airflow/models/taskinstance.py", line 767, in _execute_task
    result = _execute_callable(context=context, **execute_callable_kwargs)
             ^^^^^^^^^^^^^^^^^^^^^^^^^^^^^^^^^^^^^^^^^^^^^^^^^^^^^^^^^^^^^
  File "/home/airflow/.local/lib/python3.11/site-packages/airflow/models/taskinstance.py", line 733, in _execute_callable
    return ExecutionCallableRunner(
           ^^^^^^^^^^^^^^^^^^^^^^^^
  File "/home/airflow/.local/lib/python3.11/site-packages/airflow/utils/operator_helpers.py", line 252, in run
    return self.func(*args, **kwargs)
           ^^^^^^^^^^^^^^^^^^^^^^^^^^
  File "/home/airflow/.local/lib/python3.11/site-packages/airflow/models/baseoperator.py", line 422, in wrapper
    return func(self, *args, **kwargs)
           ^^^^^^^^^^^^^^^^^^^^^^^^^^^
  File "/home/airflow/.local/lib/python3.11/site-packages/airflow/operators/python.py", line 238, in execute
    return_value = self.execute_callable()
                   ^^^^^^^^^^^^^^^^^^^^^^^
  File "/home/airflow/.local/lib/python3.11/site-packages/airflow/operators/python.py", line 256, in execute_callable
    return runner.run(*self.op_args, **self.op_kwargs)
           ^^^^^^^^^^^^^^^^^^^^^^^^^^^^^^^^^^^^^^^^^^^
  File "/home/airflow/.local/lib/python3.11/site-packages/airflow/utils/operator_helpers.py", line 252, in run
    return self.func(*args, **kwargs)
           ^^^^^^^^^^^^^^^^^^^^^^^^^^
  File "/opt/airflow/dags/02_monitoring_pipeline.py", line 178, in monitor_batch_7
    return monitor_batch(7, **context)
           ^^^^^^^^^^^^^^^^^^^^^^^^^^^
  File "/opt/airflow/dags/02_monitoring_pipeline.py", line 116, in monitor_batch
    drift_report_path = save_drift_report(drift_analysis)
                        ^^^^^^^^^^^^^^^^^^^^^^^^^^^^^^^^^
  File "/opt/airflow/src/drift/statistical_test.py", line 364, in save_drift_report
    json.dump(drift_analysis, f, indent=2)
  File "/usr/local/lib/python3.11/json/__init__.py", line 179, in dump
    for chunk in iterable:
  File "/usr/local/lib/python3.11/json/encoder.py", line 432, in _iterencode
    yield from _iterencode_dict(o, _current_indent_level)
  File "/usr/local/lib/python3.11/json/encoder.py", line 406, in _iterencode_dict
    yield from chunks
  File "/usr/local/lib/python3.11/json/encoder.py", line 406, in _iterencode_dict
    yield from chunks
  File "/usr/local/lib/python3.11/json/encoder.py", line 406, in _iterencode_dict
    yield from chunks
  [Previous line repeated 1 more time]
  File "/usr/local/lib/python3.11/json/encoder.py", line 439, in _iterencode
    o = _default(o)
        ^^^^^^^^^^^
  File "/usr/local/lib/python3.11/json/encoder.py", line 180, in default
    raise TypeError(f'Object of type {o.__class__.__name__} '
TypeError: Object of type bool_ is not JSON serializable
[2025-11-04T02:26:06.924+0000] {local_task_job_runner.py:266} INFO - Task exited with return code 1
[2025-11-04T02:26:06.936+0000] {taskinstance.py:3895} INFO - 0 downstream tasks scheduled from follow-on schedule check
[2025-11-04T02:26:06.942+0000] {local_task_job_runner.py:245} INFO - ::endgroup::
