[2025-11-04T02:24:02.245+0000] {local_task_job_runner.py:123} INFO - ::group::Pre task execution logs
[2025-11-04T02:24:02.257+0000] {taskinstance.py:2613} INFO - Dependencies all met for dep_context=non-requeueable deps ti=<TaskInstance: 02_monitoring_pipeline.monitor_batch_7 manual__2025-11-04T02:24:00.728154+00:00 [queued]>
[2025-11-04T02:24:02.262+0000] {taskinstance.py:2613} INFO - Dependencies all met for dep_context=requeueable deps ti=<TaskInstance: 02_monitoring_pipeline.monitor_batch_7 manual__2025-11-04T02:24:00.728154+00:00 [queued]>
[2025-11-04T02:24:02.263+0000] {taskinstance.py:2866} INFO - Starting attempt 1 of 2
[2025-11-04T02:24:02.270+0000] {taskinstance.py:2889} INFO - Executing <Task(PythonOperator): monitor_batch_7> on 2025-11-04 02:24:00.728154+00:00
[2025-11-04T02:24:02.277+0000] {standard_task_runner.py:72} INFO - Started process 2423 to run task
[2025-11-04T02:24:02.279+0000] {standard_task_runner.py:104} INFO - Running: ['***', 'tasks', 'run', '02_monitoring_pipeline', 'monitor_batch_7', 'manual__2025-11-04T02:24:00.728154+00:00', '--job-id', '24', '--raw', '--subdir', 'DAGS_FOLDER/02_monitoring_pipeline.py', '--cfg-path', '/tmp/tmpud2hme8w']
[2025-11-04T02:24:02.282+0000] {standard_task_runner.py:105} INFO - Job 24: Subtask monitor_batch_7
[2025-11-04T02:24:02.322+0000] {task_command.py:467} INFO - Running <TaskInstance: 02_monitoring_pipeline.monitor_batch_7 manual__2025-11-04T02:24:00.728154+00:00 [running]> on host 1008f8fef9d0
[2025-11-04T02:24:02.375+0000] {taskinstance.py:3132} INFO - Exporting env vars: AIRFLOW_CTX_DAG_OWNER='mlops_team' AIRFLOW_CTX_DAG_ID='02_monitoring_pipeline' AIRFLOW_CTX_TASK_ID='monitor_batch_7' AIRFLOW_CTX_EXECUTION_DATE='2025-11-04T02:24:00.728154+00:00' AIRFLOW_CTX_TRY_NUMBER='1' AIRFLOW_CTX_DAG_RUN_ID='manual__2025-11-04T02:24:00.728154+00:00'
[2025-11-04T02:24:02.376+0000] {taskinstance.py:731} INFO - ::endgroup::
[2025-11-04T02:24:02.383+0000] {logging_mixin.py:190} INFO - 
================================================================================
[2025-11-04T02:24:02.384+0000] {logging_mixin.py:190} INFO - 🔍 MONITORING BATCH 7
[2025-11-04T02:24:02.384+0000] {logging_mixin.py:190} INFO - ================================================================================
[2025-11-04T02:24:02.389+0000] {logging_mixin.py:190} INFO - 📥 Step 1: Loading Batch 7 data...
[2025-11-04T02:24:02.394+0000] {logging_mixin.py:190} INFO - 📄 Loading batch 7 from data/raw/batch7.dat
[2025-11-04T02:24:02.638+0000] {logging_mixin.py:190} INFO - ✅ Loaded 3613 samples from batch 7
[2025-11-04T02:24:02.640+0000] {logging_mixin.py:190} INFO -    Class distribution: {1: 649, 2: 662, 3: 360, 4: 744, 5: 630, 6: 568}
[2025-11-04T02:24:02.641+0000] {logging_mixin.py:190} INFO - 
🤖 Step 2: Loading trained model and scaler...
[2025-11-04T02:24:02.661+0000] {logging_mixin.py:190} INFO - 📂 Loaded model from: models/latest_model.pkl
[2025-11-04T02:24:02.663+0000] {logging_mixin.py:190} INFO - 📂 Loaded metadata from: models/latest_model_metadata.json
[2025-11-04T02:24:02.664+0000] {logging_mixin.py:190} INFO - 
⚙️ Step 3: Scaling features...
[2025-11-04T02:24:02.679+0000] {logging_mixin.py:190} INFO - 
📊 Step 4: Loading baseline metrics...
[2025-11-04T02:24:02.682+0000] {logging_mixin.py:190} INFO - 
📚 Step 5: Loading reference (training) data...
[2025-11-04T02:24:02.809+0000] {logging_mixin.py:190} INFO - 
🎯 Step 6: Evaluating model on Batch 7...
[2025-11-04T02:24:02.847+0000] {logging_mixin.py:190} WARNING - /home/***/.local/lib/python3.11/site-packages/sklearn/ensemble/_base.py:168 UserWarning: Loky-backed parallel loops cannot be called in a multiprocessing, setting n_jobs=1
[2025-11-04T02:24:02.878+0000] {logging_mixin.py:190} WARNING - /home/***/.local/lib/python3.11/site-packages/sklearn/ensemble/_base.py:168 UserWarning: Loky-backed parallel loops cannot be called in a multiprocessing, setting n_jobs=1
[2025-11-04T02:24:02.916+0000] {logging_mixin.py:190} INFO - 
============================================================
[2025-11-04T02:24:02.917+0000] {logging_mixin.py:190} INFO - 📊 EVALUATION RESULTS - BATCH 7
[2025-11-04T02:24:02.917+0000] {logging_mixin.py:190} INFO - ============================================================
[2025-11-04T02:24:02.917+0000] {logging_mixin.py:190} INFO - 
📈 Overall Metrics:
[2025-11-04T02:24:02.918+0000] {logging_mixin.py:190} INFO -    Samples:         3613
[2025-11-04T02:24:02.918+0000] {logging_mixin.py:190} INFO -    Accuracy:        0.7429
[2025-11-04T02:24:02.919+0000] {logging_mixin.py:190} INFO -    Precision (macro): 0.7756
[2025-11-04T02:24:02.919+0000] {logging_mixin.py:190} INFO -    Recall (macro):    0.7513
[2025-11-04T02:24:02.919+0000] {logging_mixin.py:190} INFO -    F1-Score (macro):  0.7113
[2025-11-04T02:24:02.919+0000] {logging_mixin.py:190} INFO - 
🎯 Per-Class Performance:
[2025-11-04T02:24:02.920+0000] {logging_mixin.py:190} INFO -    Class Name            Precision  Recall     F1-Score   Support   
[2025-11-04T02:24:02.920+0000] {logging_mixin.py:190} INFO -    ----------------------------------------------------------------------
[2025-11-04T02:24:02.920+0000] {logging_mixin.py:190} INFO -    1     Ethanol         0.9039     1.0000     0.9495     649       
[2025-11-04T02:24:02.921+0000] {logging_mixin.py:190} INFO -    2     Ethylene        0.7104     0.9970     0.8297     662       
[2025-11-04T02:24:02.921+0000] {logging_mixin.py:190} INFO -    3     Ammonia         0.7669     0.6944     0.7289     360       
[2025-11-04T02:24:02.921+0000] {logging_mixin.py:190} INFO -    4     Acetaldehyde    0.8808     0.1788     0.2972     744       
[2025-11-04T02:24:02.922+0000] {logging_mixin.py:190} INFO -    5     Acetone         0.6161     0.9984     0.7620     630       
[2025-11-04T02:24:02.923+0000] {logging_mixin.py:190} INFO -    6     Toluene         0.7756     0.6391     0.7008     568       
[2025-11-04T02:24:02.925+0000] {logging_mixin.py:190} INFO - 
🔮 Prediction Confidence:
[2025-11-04T02:24:02.925+0000] {logging_mixin.py:190} INFO -    Mean:   0.6275
[2025-11-04T02:24:02.926+0000] {logging_mixin.py:190} INFO -    Median: 0.6127
[2025-11-04T02:24:02.926+0000] {logging_mixin.py:190} INFO -    Std:    0.2339
[2025-11-04T02:24:02.926+0000] {logging_mixin.py:190} INFO -    Range:  [0.2087, 1.0000]
[2025-11-04T02:24:02.927+0000] {logging_mixin.py:190} INFO - 
❌ Misclassification Analysis:
[2025-11-04T02:24:02.927+0000] {logging_mixin.py:190} INFO -    Misclassified: 929 (25.71%)
[2025-11-04T02:24:02.927+0000] {logging_mixin.py:190} INFO -    Low Confidence (<0.6): 1771
[2025-11-04T02:24:02.928+0000] {logging_mixin.py:190} INFO - 
============================================================
[2025-11-04T02:24:02.930+0000] {logging_mixin.py:190} INFO - 💾 Saved evaluation report to: data/drift_reports/batch7_evaluation.json
[2025-11-04T02:24:02.931+0000] {logging_mixin.py:190} INFO - 
📈 Step 7: Comparing performance with baseline...
[2025-11-04T02:24:02.931+0000] {logging_mixin.py:190} INFO - 
============================================================
[2025-11-04T02:24:02.932+0000] {logging_mixin.py:190} INFO - 📊 COMPARISON: Training (Baseline) vs Batch 7
[2025-11-04T02:24:02.932+0000] {logging_mixin.py:190} INFO - ============================================================
[2025-11-04T02:24:02.932+0000] {logging_mixin.py:190} INFO - 
📈 Overall Metric Changes:
[2025-11-04T02:24:02.933+0000] {logging_mixin.py:190} INFO -    Accuracy:             -25.58%
[2025-11-04T02:24:02.933+0000] {logging_mixin.py:190} INFO -    F1-Score (macro):     -28.70%
[2025-11-04T02:24:02.934+0000] {logging_mixin.py:190} INFO -    Confidence (mean):    -0.3539
[2025-11-04T02:24:02.934+0000] {logging_mixin.py:190} INFO -    Misclassif. Rate:     +25.58%
[2025-11-04T02:24:02.937+0000] {logging_mixin.py:190} INFO - 
⚠️ Performance Degradation Alerts:
[2025-11-04T02:24:02.938+0000] {logging_mixin.py:190} INFO -    🔴 Accuracy dropped by 25.58% (threshold: 5.0%)
[2025-11-04T02:24:02.939+0000] {logging_mixin.py:190} INFO -    🔴 F1-Score dropped by 28.70% (threshold: 5.0%)
[2025-11-04T02:24:02.939+0000] {logging_mixin.py:190} INFO - 
============================================================
[2025-11-04T02:24:02.940+0000] {logging_mixin.py:190} INFO - 
🔬 Step 8: Detecting statistical drift...
[2025-11-04T02:24:02.944+0000] {logging_mixin.py:190} INFO - 
============================================================
[2025-11-04T02:24:02.945+0000] {logging_mixin.py:190} INFO - 🔬 COMPREHENSIVE DRIFT ANALYSIS - BATCH 7
[2025-11-04T02:24:02.945+0000] {logging_mixin.py:190} INFO - ============================================================
[2025-11-04T02:24:02.951+0000] {logging_mixin.py:190} INFO - 
🔍 Detecting drift in 20 features...
[2025-11-04T02:24:03.825+0000] {logging_mixin.py:190} INFO - 
🏷️ Detecting label distribution drift...
[2025-11-04T02:24:03.828+0000] {logging_mixin.py:190} INFO -    Chi-square p-value: 0.0000
[2025-11-04T02:24:03.829+0000] {logging_mixin.py:190} INFO -    KL Divergence: 0.2986
[2025-11-04T02:24:03.829+0000] {logging_mixin.py:190} INFO -    PSI: 0.4909
[2025-11-04T02:24:03.829+0000] {logging_mixin.py:190} INFO -    Drift detected: Yes
[2025-11-04T02:24:03.830+0000] {logging_mixin.py:190} INFO - 
============================================================
[2025-11-04T02:24:03.830+0000] {logging_mixin.py:190} INFO - 🔍 STATISTICAL DRIFT DETECTION - BATCH 7
[2025-11-04T02:24:03.831+0000] {logging_mixin.py:190} INFO - ============================================================
[2025-11-04T02:24:03.831+0000] {logging_mixin.py:190} INFO - 
📊 Drift Detection Summary:
[2025-11-04T02:24:03.831+0000] {logging_mixin.py:190} INFO -    Features Tested: 20
[2025-11-04T02:24:03.831+0000] {logging_mixin.py:190} INFO -    Total Features with Drift: 20
[2025-11-04T02:24:03.832+0000] {logging_mixin.py:190} INFO -    - PSI Drift:          18
[2025-11-04T02:24:03.832+0000] {logging_mixin.py:190} INFO -    - KS Test Drift:      20
[2025-11-04T02:24:03.832+0000] {logging_mixin.py:190} INFO -    - Wasserstein Drift:  0
[2025-11-04T02:24:03.833+0000] {logging_mixin.py:190} INFO - 
⚠️ DRIFT DETECTED!
[2025-11-04T02:24:03.833+0000] {logging_mixin.py:190} INFO - 
   Top Drifted Features (by PSI):
[2025-11-04T02:24:03.834+0000] {logging_mixin.py:190} INFO -        1. feature_80: PSI=6.7043, KS_p=0.0000, Wass=0.0619
[2025-11-04T02:24:03.834+0000] {logging_mixin.py:190} INFO -        2. feature_72: PSI=4.7494, KS_p=0.0000, Wass=0.0415
[2025-11-04T02:24:03.834+0000] {logging_mixin.py:190} INFO -        3. feature_69: PSI=4.7438, KS_p=0.0000, Wass=0.0568
[2025-11-04T02:24:03.835+0000] {logging_mixin.py:190} INFO -        4. feature_16: PSI=3.4274, KS_p=0.0000, Wass=0.0665
[2025-11-04T02:24:03.835+0000] {logging_mixin.py:190} INFO -        5. feature_44: PSI=2.5506, KS_p=0.0000, Wass=0.0228
[2025-11-04T02:24:03.835+0000] {logging_mixin.py:190} INFO -        6. feature_71: PSI=2.5347, KS_p=0.0000, Wass=0.0738
[2025-11-04T02:24:03.835+0000] {logging_mixin.py:190} INFO -        7. feature_14: PSI=2.4472, KS_p=0.0000, Wass=0.1143
[2025-11-04T02:24:03.836+0000] {logging_mixin.py:190} INFO -        8. feature_9: PSI=2.4370, KS_p=0.0000, Wass=0.1108
[2025-11-04T02:24:03.836+0000] {logging_mixin.py:190} INFO -        9. feature_8: PSI=1.3578, KS_p=0.0000, Wass=0.0994
[2025-11-04T02:24:03.836+0000] {logging_mixin.py:190} INFO -       10. feature_6: PSI=1.3187, KS_p=0.0000, Wass=0.1680
[2025-11-04T02:24:03.836+0000] {logging_mixin.py:190} INFO - 
============================================================
[2025-11-04T02:24:03.843+0000] {taskinstance.py:3311} ERROR - Task failed with exception
Traceback (most recent call last):
  File "/home/airflow/.local/lib/python3.11/site-packages/airflow/models/taskinstance.py", line 767, in _execute_task
    result = _execute_callable(context=context, **execute_callable_kwargs)
             ^^^^^^^^^^^^^^^^^^^^^^^^^^^^^^^^^^^^^^^^^^^^^^^^^^^^^^^^^^^^^
  File "/home/airflow/.local/lib/python3.11/site-packages/airflow/models/taskinstance.py", line 733, in _execute_callable
    return ExecutionCallableRunner(
           ^^^^^^^^^^^^^^^^^^^^^^^^
  File "/home/airflow/.local/lib/python3.11/site-packages/airflow/utils/operator_helpers.py", line 252, in run
    return self.func(*args, **kwargs)
           ^^^^^^^^^^^^^^^^^^^^^^^^^^
  File "/home/airflow/.local/lib/python3.11/site-packages/airflow/models/baseoperator.py", line 422, in wrapper
    return func(self, *args, **kwargs)
           ^^^^^^^^^^^^^^^^^^^^^^^^^^^
  File "/home/airflow/.local/lib/python3.11/site-packages/airflow/operators/python.py", line 238, in execute
    return_value = self.execute_callable()
                   ^^^^^^^^^^^^^^^^^^^^^^^
  File "/home/airflow/.local/lib/python3.11/site-packages/airflow/operators/python.py", line 256, in execute_callable
    return runner.run(*self.op_args, **self.op_kwargs)
           ^^^^^^^^^^^^^^^^^^^^^^^^^^^^^^^^^^^^^^^^^^^
  File "/home/airflow/.local/lib/python3.11/site-packages/airflow/utils/operator_helpers.py", line 252, in run
    return self.func(*args, **kwargs)
           ^^^^^^^^^^^^^^^^^^^^^^^^^^
  File "/opt/airflow/dags/02_monitoring_pipeline.py", line 178, in monitor_batch_7
    return monitor_batch(7, **context)
           ^^^^^^^^^^^^^^^^^^^^^^^^^^^
  File "/opt/airflow/dags/02_monitoring_pipeline.py", line 116, in monitor_batch
    drift_report_path = save_drift_report(drift_analysis)
                        ^^^^^^^^^^^^^^^^^^^^^^^^^^^^^^^^^
  File "/opt/airflow/src/drift/statistical_test.py", line 364, in save_drift_report
    json.dump(drift_analysis, f, indent=2)
  File "/usr/local/lib/python3.11/json/__init__.py", line 179, in dump
    for chunk in iterable:
  File "/usr/local/lib/python3.11/json/encoder.py", line 432, in _iterencode
    yield from _iterencode_dict(o, _current_indent_level)
  File "/usr/local/lib/python3.11/json/encoder.py", line 406, in _iterencode_dict
    yield from chunks
  File "/usr/local/lib/python3.11/json/encoder.py", line 406, in _iterencode_dict
    yield from chunks
  File "/usr/local/lib/python3.11/json/encoder.py", line 406, in _iterencode_dict
    yield from chunks
  [Previous line repeated 1 more time]
  File "/usr/local/lib/python3.11/json/encoder.py", line 439, in _iterencode
    o = _default(o)
        ^^^^^^^^^^^
  File "/usr/local/lib/python3.11/json/encoder.py", line 180, in default
    raise TypeError(f'Object of type {o.__class__.__name__} '
TypeError: Object of type bool_ is not JSON serializable
[2025-11-04T02:24:03.854+0000] {taskinstance.py:1225} INFO - Marking task as UP_FOR_RETRY. dag_id=02_monitoring_pipeline, task_id=monitor_batch_7, run_id=manual__2025-11-04T02:24:00.728154+00:00, execution_date=20251104T022400, start_date=20251104T022402, end_date=20251104T022403
[2025-11-04T02:24:03.864+0000] {taskinstance.py:340} INFO - ::group::Post task execution logs
[2025-11-04T02:24:03.865+0000] {standard_task_runner.py:124} ERROR - Failed to execute job 24 for task monitor_batch_7 (Object of type bool_ is not JSON serializable; 2423)
Traceback (most recent call last):
  File "/home/airflow/.local/lib/python3.11/site-packages/airflow/task/task_runner/standard_task_runner.py", line 117, in _start_by_fork
    ret = args.func(args, dag=self.dag)
          ^^^^^^^^^^^^^^^^^^^^^^^^^^^^^
  File "/home/airflow/.local/lib/python3.11/site-packages/airflow/cli/cli_config.py", line 49, in command
    return func(*args, **kwargs)
           ^^^^^^^^^^^^^^^^^^^^^
  File "/home/airflow/.local/lib/python3.11/site-packages/airflow/utils/cli.py", line 116, in wrapper
    return f(*args, **kwargs)
           ^^^^^^^^^^^^^^^^^^
  File "/home/airflow/.local/lib/python3.11/site-packages/airflow/cli/commands/task_command.py", line 483, in task_run
    task_return_code = _run_task_by_selected_method(args, _dag, ti)
                       ^^^^^^^^^^^^^^^^^^^^^^^^^^^^^^^^^^^^^^^^^^^^
  File "/home/airflow/.local/lib/python3.11/site-packages/airflow/cli/commands/task_command.py", line 256, in _run_task_by_selected_method
    return _run_raw_task(args, ti)
           ^^^^^^^^^^^^^^^^^^^^^^^
  File "/home/airflow/.local/lib/python3.11/site-packages/airflow/cli/commands/task_command.py", line 341, in _run_raw_task
    return ti._run_raw_task(
           ^^^^^^^^^^^^^^^^^
  File "/home/airflow/.local/lib/python3.11/site-packages/airflow/utils/session.py", line 97, in wrapper
    return func(*args, session=session, **kwargs)
           ^^^^^^^^^^^^^^^^^^^^^^^^^^^^^^^^^^^^^^
  File "/home/airflow/.local/lib/python3.11/site-packages/airflow/models/taskinstance.py", line 3005, in _run_raw_task
    return _run_raw_task(
           ^^^^^^^^^^^^^^
  File "/home/airflow/.local/lib/python3.11/site-packages/airflow/models/taskinstance.py", line 273, in _run_raw_task
    TaskInstance._execute_task_with_callbacks(
  File "/home/airflow/.local/lib/python3.11/site-packages/airflow/models/taskinstance.py", line 3159, in _execute_task_with_callbacks
    result = self._execute_task(context, task_orig)
             ^^^^^^^^^^^^^^^^^^^^^^^^^^^^^^^^^^^^^^
  File "/home/airflow/.local/lib/python3.11/site-packages/airflow/models/taskinstance.py", line 3183, in _execute_task
    return _execute_task(self, context, task_orig)
           ^^^^^^^^^^^^^^^^^^^^^^^^^^^^^^^^^^^^^^^
  File "/home/airflow/.local/lib/python3.11/site-packages/airflow/models/taskinstance.py", line 767, in _execute_task
    result = _execute_callable(context=context, **execute_callable_kwargs)
             ^^^^^^^^^^^^^^^^^^^^^^^^^^^^^^^^^^^^^^^^^^^^^^^^^^^^^^^^^^^^^
  File "/home/airflow/.local/lib/python3.11/site-packages/airflow/models/taskinstance.py", line 733, in _execute_callable
    return ExecutionCallableRunner(
           ^^^^^^^^^^^^^^^^^^^^^^^^
  File "/home/airflow/.local/lib/python3.11/site-packages/airflow/utils/operator_helpers.py", line 252, in run
    return self.func(*args, **kwargs)
           ^^^^^^^^^^^^^^^^^^^^^^^^^^
  File "/home/airflow/.local/lib/python3.11/site-packages/airflow/models/baseoperator.py", line 422, in wrapper
    return func(self, *args, **kwargs)
           ^^^^^^^^^^^^^^^^^^^^^^^^^^^
  File "/home/airflow/.local/lib/python3.11/site-packages/airflow/operators/python.py", line 238, in execute
    return_value = self.execute_callable()
                   ^^^^^^^^^^^^^^^^^^^^^^^
  File "/home/airflow/.local/lib/python3.11/site-packages/airflow/operators/python.py", line 256, in execute_callable
    return runner.run(*self.op_args, **self.op_kwargs)
           ^^^^^^^^^^^^^^^^^^^^^^^^^^^^^^^^^^^^^^^^^^^
  File "/home/airflow/.local/lib/python3.11/site-packages/airflow/utils/operator_helpers.py", line 252, in run
    return self.func(*args, **kwargs)
           ^^^^^^^^^^^^^^^^^^^^^^^^^^
  File "/opt/airflow/dags/02_monitoring_pipeline.py", line 178, in monitor_batch_7
    return monitor_batch(7, **context)
           ^^^^^^^^^^^^^^^^^^^^^^^^^^^
  File "/opt/airflow/dags/02_monitoring_pipeline.py", line 116, in monitor_batch
    drift_report_path = save_drift_report(drift_analysis)
                        ^^^^^^^^^^^^^^^^^^^^^^^^^^^^^^^^^
  File "/opt/airflow/src/drift/statistical_test.py", line 364, in save_drift_report
    json.dump(drift_analysis, f, indent=2)
  File "/usr/local/lib/python3.11/json/__init__.py", line 179, in dump
    for chunk in iterable:
  File "/usr/local/lib/python3.11/json/encoder.py", line 432, in _iterencode
    yield from _iterencode_dict(o, _current_indent_level)
  File "/usr/local/lib/python3.11/json/encoder.py", line 406, in _iterencode_dict
    yield from chunks
  File "/usr/local/lib/python3.11/json/encoder.py", line 406, in _iterencode_dict
    yield from chunks
  File "/usr/local/lib/python3.11/json/encoder.py", line 406, in _iterencode_dict
    yield from chunks
  [Previous line repeated 1 more time]
  File "/usr/local/lib/python3.11/json/encoder.py", line 439, in _iterencode
    o = _default(o)
        ^^^^^^^^^^^
  File "/usr/local/lib/python3.11/json/encoder.py", line 180, in default
    raise TypeError(f'Object of type {o.__class__.__name__} '
TypeError: Object of type bool_ is not JSON serializable
[2025-11-04T02:24:03.901+0000] {local_task_job_runner.py:266} INFO - Task exited with return code 1
[2025-11-04T02:24:03.914+0000] {taskinstance.py:3895} INFO - 0 downstream tasks scheduled from follow-on schedule check
[2025-11-04T02:24:03.915+0000] {local_task_job_runner.py:245} INFO - ::endgroup::
