[2025-11-04T02:30:50.279+0000] {local_task_job_runner.py:123} INFO - ::group::Pre task execution logs
[2025-11-04T02:30:50.288+0000] {taskinstance.py:2613} INFO - Dependencies all met for dep_context=non-requeueable deps ti=<TaskInstance: 02_monitoring_pipeline.monitor_batch_7 manual__2025-11-04T02:30:49.085012+00:00 [queued]>
[2025-11-04T02:30:50.293+0000] {taskinstance.py:2613} INFO - Dependencies all met for dep_context=requeueable deps ti=<TaskInstance: 02_monitoring_pipeline.monitor_batch_7 manual__2025-11-04T02:30:49.085012+00:00 [queued]>
[2025-11-04T02:30:50.294+0000] {taskinstance.py:2866} INFO - Starting attempt 1 of 2
[2025-11-04T02:30:50.301+0000] {taskinstance.py:2889} INFO - Executing <Task(PythonOperator): monitor_batch_7> on 2025-11-04 02:30:49.085012+00:00
[2025-11-04T02:30:50.307+0000] {standard_task_runner.py:72} INFO - Started process 4310 to run task
[2025-11-04T02:30:50.310+0000] {standard_task_runner.py:104} INFO - Running: ['***', 'tasks', 'run', '02_monitoring_pipeline', 'monitor_batch_7', 'manual__2025-11-04T02:30:49.085012+00:00', '--job-id', '38', '--raw', '--subdir', 'DAGS_FOLDER/02_monitoring_pipeline.py', '--cfg-path', '/tmp/tmpe1kbirwc']
[2025-11-04T02:30:50.312+0000] {standard_task_runner.py:105} INFO - Job 38: Subtask monitor_batch_7
[2025-11-04T02:30:50.344+0000] {task_command.py:467} INFO - Running <TaskInstance: 02_monitoring_pipeline.monitor_batch_7 manual__2025-11-04T02:30:49.085012+00:00 [running]> on host 1008f8fef9d0
[2025-11-04T02:30:50.392+0000] {taskinstance.py:3132} INFO - Exporting env vars: AIRFLOW_CTX_DAG_OWNER='mlops_team' AIRFLOW_CTX_DAG_ID='02_monitoring_pipeline' AIRFLOW_CTX_TASK_ID='monitor_batch_7' AIRFLOW_CTX_EXECUTION_DATE='2025-11-04T02:30:49.085012+00:00' AIRFLOW_CTX_TRY_NUMBER='1' AIRFLOW_CTX_DAG_RUN_ID='manual__2025-11-04T02:30:49.085012+00:00'
[2025-11-04T02:30:50.394+0000] {taskinstance.py:731} INFO - ::endgroup::
[2025-11-04T02:30:50.401+0000] {logging_mixin.py:190} INFO - 
================================================================================
[2025-11-04T02:30:50.401+0000] {logging_mixin.py:190} INFO - 🔍 MONITORING BATCH 7
[2025-11-04T02:30:50.401+0000] {logging_mixin.py:190} INFO - ================================================================================
[2025-11-04T02:30:50.405+0000] {logging_mixin.py:190} INFO - 📥 Step 1: Loading Batch 7 data...
[2025-11-04T02:30:50.408+0000] {logging_mixin.py:190} INFO - 📄 Loading batch 7 from data/raw/batch7.dat
[2025-11-04T02:30:50.651+0000] {logging_mixin.py:190} INFO - ✅ Loaded 3613 samples from batch 7
[2025-11-04T02:30:50.653+0000] {logging_mixin.py:190} INFO -    Class distribution: {1: 649, 2: 662, 3: 360, 4: 744, 5: 630, 6: 568}
[2025-11-04T02:30:50.655+0000] {logging_mixin.py:190} INFO - 
🤖 Step 2: Loading trained model and scaler...
[2025-11-04T02:30:50.673+0000] {logging_mixin.py:190} INFO - 📂 Loaded model from: models/latest_model.pkl
[2025-11-04T02:30:50.676+0000] {logging_mixin.py:190} INFO - 📂 Loaded metadata from: models/latest_model_metadata.json
[2025-11-04T02:30:50.677+0000] {logging_mixin.py:190} INFO - 
⚙️ Step 3: Scaling features...
[2025-11-04T02:30:50.689+0000] {logging_mixin.py:190} INFO - 
📊 Step 4: Loading baseline metrics...
[2025-11-04T02:30:50.692+0000] {logging_mixin.py:190} INFO - 
📚 Step 5: Loading reference (training) data...
[2025-11-04T02:30:50.808+0000] {logging_mixin.py:190} INFO - 
🎯 Step 6: Evaluating model on Batch 7...
[2025-11-04T02:30:50.820+0000] {logging_mixin.py:190} WARNING - /home/***/.local/lib/python3.11/site-packages/sklearn/ensemble/_base.py:168 UserWarning: Loky-backed parallel loops cannot be called in a multiprocessing, setting n_jobs=1
[2025-11-04T02:30:50.832+0000] {logging_mixin.py:190} WARNING - /home/***/.local/lib/python3.11/site-packages/sklearn/ensemble/_base.py:168 UserWarning: Loky-backed parallel loops cannot be called in a multiprocessing, setting n_jobs=1
[2025-11-04T02:30:50.871+0000] {logging_mixin.py:190} INFO - 
============================================================
[2025-11-04T02:30:50.871+0000] {logging_mixin.py:190} INFO - 📊 EVALUATION RESULTS - BATCH 7
[2025-11-04T02:30:50.872+0000] {logging_mixin.py:190} INFO - ============================================================
[2025-11-04T02:30:50.873+0000] {logging_mixin.py:190} INFO - 
📈 Overall Metrics:
[2025-11-04T02:30:50.873+0000] {logging_mixin.py:190} INFO -    Samples:         3613
[2025-11-04T02:30:50.873+0000] {logging_mixin.py:190} INFO -    Accuracy:        0.7429
[2025-11-04T02:30:50.874+0000] {logging_mixin.py:190} INFO -    Precision (macro): 0.7756
[2025-11-04T02:30:50.874+0000] {logging_mixin.py:190} INFO -    Recall (macro):    0.7513
[2025-11-04T02:30:50.874+0000] {logging_mixin.py:190} INFO -    F1-Score (macro):  0.7113
[2025-11-04T02:30:50.875+0000] {logging_mixin.py:190} INFO - 
🎯 Per-Class Performance:
[2025-11-04T02:30:50.876+0000] {logging_mixin.py:190} INFO -    Class Name            Precision  Recall     F1-Score   Support   
[2025-11-04T02:30:50.876+0000] {logging_mixin.py:190} INFO -    ----------------------------------------------------------------------
[2025-11-04T02:30:50.877+0000] {logging_mixin.py:190} INFO -    1     Ethanol         0.9039     1.0000     0.9495     649       
[2025-11-04T02:30:50.877+0000] {logging_mixin.py:190} INFO -    2     Ethylene        0.7104     0.9970     0.8297     662       
[2025-11-04T02:30:50.878+0000] {logging_mixin.py:190} INFO -    3     Ammonia         0.7669     0.6944     0.7289     360       
[2025-11-04T02:30:50.878+0000] {logging_mixin.py:190} INFO -    4     Acetaldehyde    0.8808     0.1788     0.2972     744       
[2025-11-04T02:30:50.879+0000] {logging_mixin.py:190} INFO -    5     Acetone         0.6161     0.9984     0.7620     630       
[2025-11-04T02:30:50.879+0000] {logging_mixin.py:190} INFO -    6     Toluene         0.7756     0.6391     0.7008     568       
[2025-11-04T02:30:50.879+0000] {logging_mixin.py:190} INFO - 
🔮 Prediction Confidence:
[2025-11-04T02:30:50.880+0000] {logging_mixin.py:190} INFO -    Mean:   0.6275
[2025-11-04T02:30:50.880+0000] {logging_mixin.py:190} INFO -    Median: 0.6127
[2025-11-04T02:30:50.880+0000] {logging_mixin.py:190} INFO -    Std:    0.2339
[2025-11-04T02:30:50.881+0000] {logging_mixin.py:190} INFO -    Range:  [0.2087, 1.0000]
[2025-11-04T02:30:50.881+0000] {logging_mixin.py:190} INFO - 
❌ Misclassification Analysis:
[2025-11-04T02:30:50.882+0000] {logging_mixin.py:190} INFO -    Misclassified: 929 (25.71%)
[2025-11-04T02:30:50.882+0000] {logging_mixin.py:190} INFO -    Low Confidence (<0.6): 1771
[2025-11-04T02:30:50.882+0000] {logging_mixin.py:190} INFO - 
============================================================
[2025-11-04T02:30:50.885+0000] {logging_mixin.py:190} INFO - 💾 Saved evaluation report to: data/drift_reports/batch7_evaluation.json
[2025-11-04T02:30:50.885+0000] {logging_mixin.py:190} INFO - 
📈 Step 7: Comparing performance with baseline...
[2025-11-04T02:30:50.885+0000] {logging_mixin.py:190} INFO - 
============================================================
[2025-11-04T02:30:50.885+0000] {logging_mixin.py:190} INFO - 📊 COMPARISON: Training (Baseline) vs Batch 7
[2025-11-04T02:30:50.886+0000] {logging_mixin.py:190} INFO - ============================================================
[2025-11-04T02:30:50.886+0000] {logging_mixin.py:190} INFO - 
📈 Overall Metric Changes:
[2025-11-04T02:30:50.886+0000] {logging_mixin.py:190} INFO -    Accuracy:             -25.58%
[2025-11-04T02:30:50.887+0000] {logging_mixin.py:190} INFO -    F1-Score (macro):     -28.70%
[2025-11-04T02:30:50.887+0000] {logging_mixin.py:190} INFO -    Confidence (mean):    -0.3539
[2025-11-04T02:30:50.887+0000] {logging_mixin.py:190} INFO -    Misclassif. Rate:     +25.58%
[2025-11-04T02:30:50.890+0000] {logging_mixin.py:190} INFO - 
⚠️ Performance Degradation Alerts:
[2025-11-04T02:30:50.891+0000] {logging_mixin.py:190} INFO -    🔴 Accuracy dropped by 25.58% (threshold: 5.0%)
[2025-11-04T02:30:50.891+0000] {logging_mixin.py:190} INFO -    🔴 F1-Score dropped by 28.70% (threshold: 5.0%)
[2025-11-04T02:30:50.892+0000] {logging_mixin.py:190} INFO - 
============================================================
[2025-11-04T02:30:50.893+0000] {logging_mixin.py:190} INFO - 
🔬 Step 8: Detecting statistical drift...
[2025-11-04T02:30:50.897+0000] {logging_mixin.py:190} INFO - 
============================================================
[2025-11-04T02:30:50.897+0000] {logging_mixin.py:190} INFO - 🔬 COMPREHENSIVE DRIFT ANALYSIS - BATCH 7
[2025-11-04T02:30:50.898+0000] {logging_mixin.py:190} INFO - ============================================================
[2025-11-04T02:30:50.901+0000] {logging_mixin.py:190} INFO - 
🔍 Detecting drift in 20 features...
[2025-11-04T02:30:51.961+0000] {logging_mixin.py:190} INFO - 
🏷️ Detecting label distribution drift...
[2025-11-04T02:30:51.964+0000] {logging_mixin.py:190} INFO -    Chi-square p-value: 0.0000
[2025-11-04T02:30:51.965+0000] {logging_mixin.py:190} INFO -    KL Divergence: 0.1189
[2025-11-04T02:30:51.965+0000] {logging_mixin.py:190} INFO -    PSI: 0.2216
[2025-11-04T02:30:51.966+0000] {logging_mixin.py:190} INFO -    Drift detected: Yes
[2025-11-04T02:30:51.966+0000] {logging_mixin.py:190} INFO - 
============================================================
[2025-11-04T02:30:51.967+0000] {logging_mixin.py:190} INFO - 🔍 STATISTICAL DRIFT DETECTION - BATCH 7
[2025-11-04T02:30:51.967+0000] {logging_mixin.py:190} INFO - ============================================================
[2025-11-04T02:30:51.968+0000] {logging_mixin.py:190} INFO - 
📊 Drift Detection Summary:
[2025-11-04T02:30:51.969+0000] {logging_mixin.py:190} INFO -    Features Tested: 20
[2025-11-04T02:30:51.969+0000] {logging_mixin.py:190} INFO -    Total Features with Drift: 20
[2025-11-04T02:30:51.969+0000] {logging_mixin.py:190} INFO -    - PSI Drift:          17
[2025-11-04T02:30:51.970+0000] {logging_mixin.py:190} INFO -    - KS Test Drift:      20
[2025-11-04T02:30:51.970+0000] {logging_mixin.py:190} INFO -    - Wasserstein Drift:  0
[2025-11-04T02:30:51.970+0000] {logging_mixin.py:190} INFO - 
⚠️ DRIFT DETECTED!
[2025-11-04T02:30:51.971+0000] {logging_mixin.py:190} INFO - 
   Top Drifted Features (by PSI):
[2025-11-04T02:30:51.971+0000] {logging_mixin.py:190} INFO -        1. feature_80: PSI=4.9259, KS_p=0.0000, Wass=0.0511
[2025-11-04T02:30:51.972+0000] {logging_mixin.py:190} INFO -        2. feature_69: PSI=2.8538, KS_p=0.0000, Wass=0.0454
[2025-11-04T02:30:51.972+0000] {logging_mixin.py:190} INFO -        3. feature_16: PSI=2.8291, KS_p=0.0000, Wass=0.0553
[2025-11-04T02:30:51.972+0000] {logging_mixin.py:190} INFO -        4. feature_72: PSI=2.5994, KS_p=0.0000, Wass=0.0325
[2025-11-04T02:30:51.973+0000] {logging_mixin.py:190} INFO -        5. feature_44: PSI=2.4011, KS_p=0.0000, Wass=0.0176
[2025-11-04T02:30:51.973+0000] {logging_mixin.py:190} INFO -        6. feature_9: PSI=2.3845, KS_p=0.0000, Wass=0.0993
[2025-11-04T02:30:51.973+0000] {logging_mixin.py:190} INFO -        7. feature_71: PSI=2.2750, KS_p=0.0000, Wass=0.0585
[2025-11-04T02:30:51.974+0000] {logging_mixin.py:190} INFO -        8. feature_14: PSI=2.2718, KS_p=0.0000, Wass=0.0986
[2025-11-04T02:30:51.974+0000] {logging_mixin.py:190} INFO -        9. feature_6: PSI=1.3549, KS_p=0.0000, Wass=0.1606
[2025-11-04T02:30:51.975+0000] {logging_mixin.py:190} INFO -       10. feature_8: PSI=1.2607, KS_p=0.0000, Wass=0.0963
[2025-11-04T02:30:51.976+0000] {logging_mixin.py:190} INFO - 
============================================================
[2025-11-04T02:30:51.982+0000] {logging_mixin.py:190} INFO - 💾 Saved drift report to: data/drift_reports/drift_report_batch7_20251104_023051.json
[2025-11-04T02:30:51.983+0000] {logging_mixin.py:190} INFO - 
📉 Step 9: Monitoring performance degradation...
[2025-11-04T02:30:51.983+0000] {logging_mixin.py:190} INFO - 
============================================================
[2025-11-04T02:30:51.984+0000] {logging_mixin.py:190} INFO - 📊 COMPREHENSIVE PERFORMANCE MONITORING - BATCH 7
[2025-11-04T02:30:51.984+0000] {logging_mixin.py:190} INFO - ============================================================
[2025-11-04T02:30:51.987+0000] {logging_mixin.py:190} INFO - 
============================================================
[2025-11-04T02:30:51.987+0000] {logging_mixin.py:190} INFO - 📉 PERFORMANCE DEGRADATION MONITORING - BATCH 7
[2025-11-04T02:30:51.988+0000] {logging_mixin.py:190} INFO - ============================================================
[2025-11-04T02:30:51.988+0000] {logging_mixin.py:190} INFO - 
📊 Performance Changes:
[2025-11-04T02:30:51.988+0000] {logging_mixin.py:190} INFO -    Accuracy:       0.9987 → 0.7429 (-0.2558)
[2025-11-04T02:30:51.989+0000] {logging_mixin.py:190} INFO -    F1-Score:       0.9983 → 0.7113 (-0.2870)
[2025-11-04T02:30:51.989+0000] {logging_mixin.py:190} INFO -    Precision:      0.9991 → 0.7756 (-0.2235)
[2025-11-04T02:30:51.989+0000] {logging_mixin.py:190} INFO -    Recall:         0.9975 → 0.7513 (-0.2463)
[2025-11-04T02:30:51.990+0000] {logging_mixin.py:190} INFO -    Confidence:     0.9814 → 0.6275 (-0.3539)
[2025-11-04T02:30:51.991+0000] {logging_mixin.py:190} INFO - 
⚠️ Degradation Analysis:
[2025-11-04T02:30:51.991+0000] {logging_mixin.py:190} INFO -    🔴 PERFORMANCE DEGRADATION DETECTED!
[2025-11-04T02:30:51.992+0000] {logging_mixin.py:190} INFO -       - Accuracy change (25.58%) exceeds threshold (5.0%)
[2025-11-04T02:30:51.992+0000] {logging_mixin.py:190} INFO -       - F1-Score change (28.70%) exceeds threshold (5.0%)
[2025-11-04T02:30:51.993+0000] {logging_mixin.py:190} INFO - 
============================================================
[2025-11-04T02:30:51.993+0000] {logging_mixin.py:190} INFO - 
🔮 Analyzing Prediction Confidence Drift - Batch 7
[2025-11-04T02:30:51.996+0000] {logging_mixin.py:190} INFO -    Mean Confidence: 0.9814 → 0.6275 (-0.3539)
[2025-11-04T02:30:51.996+0000] {logging_mixin.py:190} INFO -    Std Confidence:  0.0569 → 0.2339 (+0.1770)
[2025-11-04T02:30:51.997+0000] {logging_mixin.py:190} INFO -    ✅ Confidence levels acceptable
[2025-11-04T02:30:51.999+0000] {logging_mixin.py:190} INFO - 
🎯 Analyzing Misclassification Patterns - Batch 7
[2025-11-04T02:30:52.000+0000] {logging_mixin.py:190} INFO -    Found 8 significant changes in misclassification patterns:
[2025-11-04T02:30:52.000+0000] {logging_mixin.py:190} INFO -       1. Acetaldehyde → Acetone: +0.328
[2025-11-04T02:30:52.001+0000] {logging_mixin.py:190} INFO -       2. Ammonia → Ethylene: +0.300
[2025-11-04T02:30:52.001+0000] {logging_mixin.py:190} INFO -       3. Toluene → Acetone: +0.257
[2025-11-04T02:30:52.001+0000] {logging_mixin.py:190} INFO -       4. Acetaldehyde → Ethylene: +0.168
[2025-11-04T02:30:52.002+0000] {logging_mixin.py:190} INFO -       5. Acetaldehyde → Toluene: +0.141
[2025-11-04T02:30:52.002+0000] {logging_mixin.py:190} INFO - 
============================================================
[2025-11-04T02:30:52.002+0000] {logging_mixin.py:190} INFO - 🎯 OVERALL ASSESSMENT:
[2025-11-04T02:30:52.002+0000] {logging_mixin.py:190} INFO -    🔴 CONCEPT DRIFT DETECTED - Model performance degraded!
[2025-11-04T02:30:52.003+0000] {logging_mixin.py:190} INFO -    📌 Recommendation: Consider retraining the model
[2025-11-04T02:30:52.004+0000] {logging_mixin.py:190} INFO - ============================================================
[2025-11-04T02:30:52.013+0000] {logging_mixin.py:190} INFO - 💾 Saved performance report to: data/drift_reports/performance_report_batch7_20251104_023052.json
[2025-11-04T02:30:52.014+0000] {logging_mixin.py:190} INFO - 
================================================================================
[2025-11-04T02:30:52.015+0000] {logging_mixin.py:190} INFO - 🎯 OVERALL DRIFT ASSESSMENT - BATCH 7
[2025-11-04T02:30:52.015+0000] {logging_mixin.py:190} INFO - ================================================================================
[2025-11-04T02:30:52.016+0000] {logging_mixin.py:190} INFO - 
📊 Drift Detection Summary:
[2025-11-04T02:30:52.016+0000] {logging_mixin.py:190} INFO -    Statistical Drift (Feature Distribution): 🔴 DETECTED
[2025-11-04T02:30:52.017+0000] {logging_mixin.py:190} INFO -    Performance Drift (Model Degradation):   🔴 DETECTED
[2025-11-04T02:30:52.017+0000] {logging_mixin.py:190} INFO - 
⚠️ DRIFT DETECTED IN BATCH 7!
[2025-11-04T02:30:52.019+0000] {logging_mixin.py:190} INFO - 
   📌 Recommendations:
[2025-11-04T02:30:52.019+0000] {logging_mixin.py:190} INFO -       - Feature distributions have shifted significantly
[2025-11-04T02:30:52.020+0000] {logging_mixin.py:190} INFO -       - Input data characteristics are changing
[2025-11-04T02:30:52.020+0000] {logging_mixin.py:190} INFO -       - Model performance has degraded
[2025-11-04T02:30:52.021+0000] {logging_mixin.py:190} INFO -       - Relationship between features and labels may have changed
[2025-11-04T02:30:52.021+0000] {logging_mixin.py:190} INFO -       - Consider retraining the model with recent data
[2025-11-04T02:30:52.022+0000] {logging_mixin.py:190} INFO -       - Review data collection process for anomalies
[2025-11-04T02:30:52.022+0000] {logging_mixin.py:190} INFO - 
================================================================================
[2025-11-04T02:30:52.054+0000] {python.py:240} INFO - Done. Returned value was: {'batch_id': 7, 'accuracy': 0.7428729587600332, 'f1_macro': 0.7113326179736775, 'statistical_drift': True, 'performance_drift': True, 'drift_detected': True}
[2025-11-04T02:30:52.065+0000] {taskinstance.py:340} INFO - ::group::Post task execution logs
[2025-11-04T02:30:52.066+0000] {taskinstance.py:352} INFO - Marking task as SUCCESS. dag_id=02_monitoring_pipeline, task_id=monitor_batch_7, run_id=manual__2025-11-04T02:30:49.085012+00:00, execution_date=20251104T023049, start_date=20251104T023050, end_date=20251104T023052
[2025-11-04T02:30:52.089+0000] {local_task_job_runner.py:266} INFO - Task exited with return code 0
[2025-11-04T02:30:52.103+0000] {taskinstance.py:3895} INFO - 1 downstream tasks scheduled from follow-on schedule check
[2025-11-04T02:30:52.106+0000] {local_task_job_runner.py:245} INFO - ::endgroup::
