[2025-11-04T02:22:26.405+0000] {local_task_job_runner.py:123} INFO - ::group::Pre task execution logs
[2025-11-04T02:22:26.415+0000] {taskinstance.py:2613} INFO - Dependencies all met for dep_context=non-requeueable deps ti=<TaskInstance: 01_training_pipeline.preprocess_data manual__2025-11-04T02:22:21.847012+00:00 [queued]>
[2025-11-04T02:22:26.420+0000] {taskinstance.py:2613} INFO - Dependencies all met for dep_context=requeueable deps ti=<TaskInstance: 01_training_pipeline.preprocess_data manual__2025-11-04T02:22:21.847012+00:00 [queued]>
[2025-11-04T02:22:26.421+0000] {taskinstance.py:2866} INFO - Starting attempt 1 of 3
[2025-11-04T02:22:26.428+0000] {taskinstance.py:2889} INFO - Executing <Task(PythonOperator): preprocess_data> on 2025-11-04 02:22:21.847012+00:00
[2025-11-04T02:22:26.435+0000] {standard_task_runner.py:72} INFO - Started process 1658 to run task
[2025-11-04T02:22:26.437+0000] {standard_task_runner.py:104} INFO - Running: ['***', 'tasks', 'run', '01_training_pipeline', 'preprocess_data', 'manual__2025-11-04T02:22:21.847012+00:00', '--job-id', '15', '--raw', '--subdir', 'DAGS_FOLDER/01_training_pipeline.py', '--cfg-path', '/tmp/tmpnp93j84z']
[2025-11-04T02:22:26.439+0000] {standard_task_runner.py:105} INFO - Job 15: Subtask preprocess_data
[2025-11-04T02:22:26.470+0000] {task_command.py:467} INFO - Running <TaskInstance: 01_training_pipeline.preprocess_data manual__2025-11-04T02:22:21.847012+00:00 [running]> on host 1008f8fef9d0
[2025-11-04T02:22:26.516+0000] {taskinstance.py:3132} INFO - Exporting env vars: AIRFLOW_CTX_DAG_OWNER='mlops_team' AIRFLOW_CTX_DAG_ID='01_training_pipeline' AIRFLOW_CTX_TASK_ID='preprocess_data' AIRFLOW_CTX_EXECUTION_DATE='2025-11-04T02:22:21.847012+00:00' AIRFLOW_CTX_TRY_NUMBER='1' AIRFLOW_CTX_DAG_RUN_ID='manual__2025-11-04T02:22:21.847012+00:00'
[2025-11-04T02:22:26.517+0000] {taskinstance.py:731} INFO - ::endgroup::
[2025-11-04T02:22:26.524+0000] {logging_mixin.py:190} INFO - ============================================================
[2025-11-04T02:22:26.524+0000] {logging_mixin.py:190} INFO - STEP 3: PREPROCESSING DATA
[2025-11-04T02:22:26.525+0000] {logging_mixin.py:190} INFO - ============================================================
[2025-11-04T02:22:26.530+0000] {logging_mixin.py:190} INFO - 
============================================================
[2025-11-04T02:22:26.530+0000] {logging_mixin.py:190} INFO - 🚀 STARTING PREPROCESSING PIPELINE
[2025-11-04T02:22:26.531+0000] {logging_mixin.py:190} INFO - ============================================================
[2025-11-04T02:22:26.531+0000] {logging_mixin.py:190} INFO - ============================================================
[2025-11-04T02:22:26.531+0000] {logging_mixin.py:190} INFO - 📦 PREPARING TRAIN-TEST SPLIT
[2025-11-04T02:22:26.532+0000] {logging_mixin.py:190} INFO - ============================================================
[2025-11-04T02:22:26.532+0000] {logging_mixin.py:190} INFO - 
📚 Loading training batches: [1, 2, 3, 4, 5, 6]
[2025-11-04T02:22:26.535+0000] {logging_mixin.py:190} INFO - 📄 Loading batch 1 from data/raw/batch1.dat
[2025-11-04T02:22:26.566+0000] {logging_mixin.py:190} INFO - ✅ Loaded 445 samples from batch 1
[2025-11-04T02:22:26.569+0000] {logging_mixin.py:190} INFO -    Class distribution: {1: 90, 2: 98, 3: 83, 4: 30, 5: 70, 6: 74}
[2025-11-04T02:22:26.573+0000] {logging_mixin.py:190} INFO - 📄 Loading batch 2 from data/raw/batch2.dat
[2025-11-04T02:22:26.652+0000] {logging_mixin.py:190} INFO - ✅ Loaded 1244 samples from batch 2
[2025-11-04T02:22:26.654+0000] {logging_mixin.py:190} INFO -    Class distribution: {1: 164, 2: 334, 3: 100, 4: 109, 5: 532, 6: 5}
[2025-11-04T02:22:26.659+0000] {logging_mixin.py:190} INFO - 📄 Loading batch 3 from data/raw/batch3.dat
[2025-11-04T02:22:26.757+0000] {logging_mixin.py:190} INFO - ✅ Loaded 1586 samples from batch 3
[2025-11-04T02:22:26.759+0000] {logging_mixin.py:190} INFO -    Class distribution: {1: 365, 2: 490, 3: 216, 4: 240, 5: 275}
[2025-11-04T02:22:26.763+0000] {logging_mixin.py:190} INFO - 📄 Loading batch 4 from data/raw/batch4.dat
[2025-11-04T02:22:26.775+0000] {logging_mixin.py:190} INFO - ✅ Loaded 161 samples from batch 4
[2025-11-04T02:22:26.776+0000] {logging_mixin.py:190} INFO -    Class distribution: {1: 64, 2: 43, 3: 12, 4: 30, 5: 12}
[2025-11-04T02:22:26.779+0000] {logging_mixin.py:190} INFO - 📄 Loading batch 5 from data/raw/batch5.dat
[2025-11-04T02:22:26.793+0000] {logging_mixin.py:190} INFO - ✅ Loaded 197 samples from batch 5
[2025-11-04T02:22:26.794+0000] {logging_mixin.py:190} INFO -    Class distribution: {1: 28, 2: 40, 3: 20, 4: 46, 5: 63}
[2025-11-04T02:22:26.797+0000] {logging_mixin.py:190} INFO - 📄 Loading batch 6 from data/raw/batch6.dat
[2025-11-04T02:22:26.946+0000] {logging_mixin.py:190} INFO - ✅ Loaded 2300 samples from batch 6
[2025-11-04T02:22:26.947+0000] {logging_mixin.py:190} INFO -    Class distribution: {1: 514, 2: 574, 3: 110, 4: 29, 5: 606, 6: 467}
[2025-11-04T02:22:26.951+0000] {logging_mixin.py:190} INFO - 
============================================================
[2025-11-04T02:22:26.951+0000] {logging_mixin.py:190} INFO - ✅ Combined 6 batches: [1, 2, 3, 4, 5, 6]
[2025-11-04T02:22:26.952+0000] {logging_mixin.py:190} INFO -    Total samples: 5933
[2025-11-04T02:22:26.952+0000] {logging_mixin.py:190} INFO -    Features: 128
[2025-11-04T02:22:26.953+0000] {logging_mixin.py:190} INFO -    Class distribution:
[2025-11-04T02:22:26.956+0000] {logging_mixin.py:190} INFO -       1 (Ethanol): 1225
[2025-11-04T02:22:26.960+0000] {logging_mixin.py:190} INFO -       2 (Ethylene): 1579
[2025-11-04T02:22:26.963+0000] {logging_mixin.py:190} INFO -       3 (Ammonia): 541
[2025-11-04T02:22:26.966+0000] {logging_mixin.py:190} INFO -       4 (Acetaldehyde): 484
[2025-11-04T02:22:26.969+0000] {logging_mixin.py:190} INFO -       5 (Acetone): 1558
[2025-11-04T02:22:26.972+0000] {logging_mixin.py:190} INFO -       6 (Toluene): 546
[2025-11-04T02:22:26.973+0000] {logging_mixin.py:190} INFO - ============================================================
[2025-11-04T02:22:26.974+0000] {logging_mixin.py:190} INFO - 🔍 Validating data...
[2025-11-04T02:22:26.976+0000] {logging_mixin.py:190} INFO - ✅ No missing values found
[2025-11-04T02:22:26.982+0000] {logging_mixin.py:190} INFO - ✅ No infinite values found
[2025-11-04T02:22:26.984+0000] {logging_mixin.py:190} INFO - ✅ All class labels are valid
[2025-11-04T02:22:26.985+0000] {logging_mixin.py:190} INFO - ✅ Data validation complete: 5933 rows
[2025-11-04T02:22:26.985+0000] {logging_mixin.py:190} INFO - 
🧪 Loading test batches: [7, 8, 9, 10]
[2025-11-04T02:22:26.989+0000] {logging_mixin.py:190} INFO - 📄 Loading batch 7 from data/raw/batch7.dat
[2025-11-04T02:22:27.215+0000] {logging_mixin.py:190} INFO - ✅ Loaded 3613 samples from batch 7
[2025-11-04T02:22:27.216+0000] {logging_mixin.py:190} INFO -    Class distribution: {1: 649, 2: 662, 3: 360, 4: 744, 5: 630, 6: 568}
[2025-11-04T02:22:27.220+0000] {logging_mixin.py:190} INFO - 📄 Loading batch 8 from data/raw/batch8.dat
[2025-11-04T02:22:27.239+0000] {logging_mixin.py:190} INFO - ✅ Loaded 294 samples from batch 8
[2025-11-04T02:22:27.241+0000] {logging_mixin.py:190} INFO -    Class distribution: {1: 30, 2: 30, 3: 40, 4: 33, 5: 143, 6: 18}
[2025-11-04T02:22:27.245+0000] {logging_mixin.py:190} INFO - 📄 Loading batch 9 from data/raw/batch9.dat
[2025-11-04T02:22:27.274+0000] {logging_mixin.py:190} INFO - ✅ Loaded 470 samples from batch 9
[2025-11-04T02:22:27.275+0000] {logging_mixin.py:190} INFO -    Class distribution: {1: 61, 2: 55, 3: 100, 4: 75, 5: 78, 6: 101}
[2025-11-04T02:22:27.279+0000] {logging_mixin.py:190} INFO - 📄 Loading batch 10 from data/raw/batch10.dat
[2025-11-04T02:22:27.505+0000] {logging_mixin.py:190} INFO - ✅ Loaded 3600 samples from batch 10
[2025-11-04T02:22:27.507+0000] {logging_mixin.py:190} INFO -    Class distribution: {1: 600, 2: 600, 3: 600, 4: 600, 5: 600, 6: 600}
[2025-11-04T02:22:27.513+0000] {logging_mixin.py:190} INFO - 
============================================================
[2025-11-04T02:22:27.513+0000] {logging_mixin.py:190} INFO - ✅ Combined 4 batches: [7, 8, 9, 10]
[2025-11-04T02:22:27.514+0000] {logging_mixin.py:190} INFO -    Total samples: 7977
[2025-11-04T02:22:27.514+0000] {logging_mixin.py:190} INFO -    Features: 128
[2025-11-04T02:22:27.515+0000] {logging_mixin.py:190} INFO -    Class distribution:
[2025-11-04T02:22:27.518+0000] {logging_mixin.py:190} INFO -       1 (Ethanol): 1340
[2025-11-04T02:22:27.522+0000] {logging_mixin.py:190} INFO -       2 (Ethylene): 1347
[2025-11-04T02:22:27.525+0000] {logging_mixin.py:190} INFO -       3 (Ammonia): 1100
[2025-11-04T02:22:27.528+0000] {logging_mixin.py:190} INFO -       4 (Acetaldehyde): 1452
[2025-11-04T02:22:27.531+0000] {logging_mixin.py:190} INFO -       5 (Acetone): 1451
[2025-11-04T02:22:27.534+0000] {logging_mixin.py:190} INFO -       6 (Toluene): 1287
[2025-11-04T02:22:27.534+0000] {logging_mixin.py:190} INFO - ============================================================
[2025-11-04T02:22:27.535+0000] {logging_mixin.py:190} INFO - 🔍 Validating data...
[2025-11-04T02:22:27.536+0000] {logging_mixin.py:190} INFO - ✅ No missing values found
[2025-11-04T02:22:27.540+0000] {logging_mixin.py:190} INFO - ✅ No infinite values found
[2025-11-04T02:22:27.540+0000] {logging_mixin.py:190} INFO - ✅ All class labels are valid
[2025-11-04T02:22:27.541+0000] {logging_mixin.py:190} INFO - ✅ Data validation complete: 7977 rows
[2025-11-04T02:22:27.541+0000] {logging_mixin.py:190} INFO - 
============================================================
[2025-11-04T02:22:27.542+0000] {logging_mixin.py:190} INFO - ✅ TRAIN-TEST SPLIT COMPLETE
[2025-11-04T02:22:27.543+0000] {logging_mixin.py:190} INFO -    Training samples: 5933
[2025-11-04T02:22:27.543+0000] {logging_mixin.py:190} INFO -    Test samples: 7977
[2025-11-04T02:22:27.544+0000] {logging_mixin.py:190} INFO - ============================================================
[2025-11-04T02:22:28.335+0000] {logging_mixin.py:190} INFO - 💾 Saved raw processed data to data/processed/
[2025-11-04T02:22:28.335+0000] {logging_mixin.py:190} INFO - 
📊 Training data feature statistics:
[2025-11-04T02:22:28.363+0000] {logging_mixin.py:190} INFO -                    mean           std          min            max        median
feature_1  76992.228277  86190.638660 -16757.59860  670687.347700  53662.517900
feature_2      8.171635     19.210497      0.45577    1339.879283      5.584435
feature_3     19.714054     21.457096      0.00010     167.079751     13.777117
feature_4     28.395520     29.689264      0.00010     226.619457     21.701937
feature_5     36.249164     39.525635      0.00010     993.605306     28.873493
[2025-11-04T02:22:28.367+0000] {logging_mixin.py:190} INFO - ⚙️ Scaling features to [-1, 1] range...
[2025-11-04T02:22:28.380+0000] {logging_mixin.py:190} INFO - ✅ Scaled 128 features
[2025-11-04T02:22:28.381+0000] {logging_mixin.py:190} INFO -    Sample feature ranges after scaling:
[2025-11-04T02:22:28.383+0000] {logging_mixin.py:190} INFO -       feature_1: [-1.000, 1.000]
[2025-11-04T02:22:28.383+0000] {logging_mixin.py:190} INFO -       feature_2: [-1.000, 1.000]
[2025-11-04T02:22:28.384+0000] {logging_mixin.py:190} INFO -       feature_3: [-1.000, 1.000]
[2025-11-04T02:22:28.399+0000] {logging_mixin.py:190} INFO - ✅ Applied scaling to test data (7977 samples)
[2025-11-04T02:22:28.401+0000] {logging_mixin.py:190} INFO - 💾 Saved scaler to: models/scaler.pkl
[2025-11-04T02:22:29.904+0000] {logging_mixin.py:190} INFO - 💾 Saved scaled data to data/processed/
[2025-11-04T02:22:29.904+0000] {logging_mixin.py:190} INFO - 
============================================================
[2025-11-04T02:22:29.905+0000] {logging_mixin.py:190} INFO - ✅ PREPROCESSING PIPELINE COMPLETE
[2025-11-04T02:22:29.905+0000] {logging_mixin.py:190} INFO - ============================================================
[2025-11-04T02:22:29.906+0000] {logging_mixin.py:190} INFO - 
✅ Preprocessing completed successfully!
[2025-11-04T02:22:29.921+0000] {python.py:240} INFO - Done. Returned value was: None
[2025-11-04T02:22:29.927+0000] {taskinstance.py:340} INFO - ::group::Post task execution logs
[2025-11-04T02:22:29.928+0000] {taskinstance.py:352} INFO - Marking task as SUCCESS. dag_id=01_training_pipeline, task_id=preprocess_data, run_id=manual__2025-11-04T02:22:21.847012+00:00, execution_date=20251104T022221, start_date=20251104T022226, end_date=20251104T022229
[2025-11-04T02:22:29.984+0000] {local_task_job_runner.py:266} INFO - Task exited with return code 0
[2025-11-04T02:22:30.060+0000] {taskinstance.py:3895} INFO - 1 downstream tasks scheduled from follow-on schedule check
[2025-11-04T02:22:30.064+0000] {local_task_job_runner.py:245} INFO - ::endgroup::
