[2025-11-04T02:26:31.164+0000] {local_task_job_runner.py:123} INFO - ::group::Pre task execution logs
[2025-11-04T02:26:31.174+0000] {taskinstance.py:2613} INFO - Dependencies all met for dep_context=non-requeueable deps ti=<TaskInstance: 01_training_pipeline.generate_summary manual__2025-11-04T02:21:15.437183+00:00 [queued]>
[2025-11-04T02:26:31.179+0000] {taskinstance.py:2613} INFO - Dependencies all met for dep_context=requeueable deps ti=<TaskInstance: 01_training_pipeline.generate_summary manual__2025-11-04T02:21:15.437183+00:00 [queued]>
[2025-11-04T02:26:31.180+0000] {taskinstance.py:2866} INFO - Starting attempt 1 of 3
[2025-11-04T02:26:31.187+0000] {taskinstance.py:2889} INFO - Executing <Task(PythonOperator): generate_summary> on 2025-11-04 02:21:15.437183+00:00
[2025-11-04T02:26:31.193+0000] {standard_task_runner.py:72} INFO - Started process 3736 to run task
[2025-11-04T02:26:31.196+0000] {standard_task_runner.py:104} INFO - Running: ['***', 'tasks', 'run', '01_training_pipeline', 'generate_summary', 'manual__2025-11-04T02:21:15.437183+00:00', '--job-id', '37', '--raw', '--subdir', 'DAGS_FOLDER/01_training_pipeline.py', '--cfg-path', '/tmp/tmp4tcal8j4']
[2025-11-04T02:26:31.198+0000] {standard_task_runner.py:105} INFO - Job 37: Subtask generate_summary
[2025-11-04T02:26:31.232+0000] {task_command.py:467} INFO - Running <TaskInstance: 01_training_pipeline.generate_summary manual__2025-11-04T02:21:15.437183+00:00 [running]> on host 1008f8fef9d0
[2025-11-04T02:26:31.283+0000] {taskinstance.py:3132} INFO - Exporting env vars: AIRFLOW_CTX_DAG_OWNER='mlops_team' AIRFLOW_CTX_DAG_ID='01_training_pipeline' AIRFLOW_CTX_TASK_ID='generate_summary' AIRFLOW_CTX_EXECUTION_DATE='2025-11-04T02:21:15.437183+00:00' AIRFLOW_CTX_TRY_NUMBER='1' AIRFLOW_CTX_DAG_RUN_ID='manual__2025-11-04T02:21:15.437183+00:00'
[2025-11-04T02:26:31.285+0000] {taskinstance.py:731} INFO - ::endgroup::
[2025-11-04T02:26:31.292+0000] {logging_mixin.py:190} INFO - 
============================================================
[2025-11-04T02:26:31.293+0000] {logging_mixin.py:190} INFO - 🎉 TRAINING PIPELINE COMPLETE - SUMMARY
[2025-11-04T02:26:31.294+0000] {logging_mixin.py:190} INFO - ============================================================
[2025-11-04T02:26:31.321+0000] {logging_mixin.py:190} INFO - 
📊 Data Summary:
[2025-11-04T02:26:31.321+0000] {logging_mixin.py:190} INFO -    Training Samples: 5933
[2025-11-04T02:26:31.322+0000] {logging_mixin.py:190} INFO -    Test Samples:     7977
[2025-11-04T02:26:31.322+0000] {logging_mixin.py:190} INFO - 
🌲 Model Performance:
[2025-11-04T02:26:31.323+0000] {logging_mixin.py:190} INFO -    Training Accuracy:       0.9987
[2025-11-04T02:26:31.323+0000] {logging_mixin.py:190} INFO -    CV Accuracy:             0.9916
[2025-11-04T02:26:31.324+0000] {logging_mixin.py:190} INFO -    Baseline Accuracy:       0.9987
[2025-11-04T02:26:31.324+0000] {logging_mixin.py:190} INFO -    Test Accuracy (All):     0.5960
[2025-11-04T02:26:31.325+0000] {logging_mixin.py:190} INFO - 
💾 Artifacts:
[2025-11-04T02:26:31.325+0000] {logging_mixin.py:190} INFO -    Model Path: models/random_forest_20251104_022628.pkl
[2025-11-04T02:26:31.326+0000] {logging_mixin.py:190} INFO - 
✅ Training pipeline executed successfully!
[2025-11-04T02:26:31.326+0000] {logging_mixin.py:190} INFO - 📌 Next step: Run the monitoring pipeline to detect drift on individual batches
[2025-11-04T02:26:31.327+0000] {logging_mixin.py:190} INFO - ============================================================
[2025-11-04T02:26:31.327+0000] {python.py:240} INFO - Done. Returned value was: None
[2025-11-04T02:26:31.333+0000] {taskinstance.py:340} INFO - ::group::Post task execution logs
[2025-11-04T02:26:31.333+0000] {taskinstance.py:352} INFO - Marking task as SUCCESS. dag_id=01_training_pipeline, task_id=generate_summary, run_id=manual__2025-11-04T02:21:15.437183+00:00, execution_date=20251104T022115, start_date=20251104T022631, end_date=20251104T022631
[2025-11-04T02:26:31.370+0000] {local_task_job_runner.py:266} INFO - Task exited with return code 0
[2025-11-04T02:26:31.380+0000] {taskinstance.py:3895} INFO - 0 downstream tasks scheduled from follow-on schedule check
[2025-11-04T02:26:31.382+0000] {local_task_job_runner.py:245} INFO - ::endgroup::
